#
# A fatal error has been detected by the Java Runtime Environment:
#
#  EXCEPTION_ACCESS_VIOLATION (0xc0000005) at pc=0x000007feb61defb9, pid=7008, tid=6612
#
# JRE version: Java(TM) SE Runtime Environment (9.0+11) (build 9.0.4+11)
# Java VM: Java HotSpot(TM) 64-Bit Server VM (9.0.4+11, mixed mode, tiered, compressed oops, g1 gc, windows-amd64)
# Problematic frame:
# C  0x000007feb61defb9
#
# No core dump will be written. Minidumps are not enabled by default on client versions of Windows
#
# If you would like to submit a bug report, please visit:
#   http://bugreport.java.com/bugreport/crash.jsp
# The crash happened outside the Java Virtual Machine in native code.
# See problematic frame for where to report the bug.
#

---------------  S U M M A R Y ------------

Command Line: -Dsun.java2d.pmoffscreen=false -Dsun.java2d.xrender=false -Dsun.java2d.d3d=false -Dsun.awt.nopixfmt=true -Dsun.java2d.dpiaware=true -Dsun.java2d.uiScale.enabled=false -Xverify:none -Dswing.aatext=true -XX:-UsePerfData -Djdk.map.althashing.threshold=512 -XX:StringTableSize=4072 --add-opens=java.base/java.nio=ALL-UNNAMED --add-opens=java.desktop/sun.swing=ALL-UNNAMED --add-opens=java.desktop/javax.swing=ALL-UNNAMED --add-opens=java.desktop/javax.swing.tree=ALL-UNNAMED --add-opens=java.desktop/javax.swing.plaf.basic=ALL-UNNAMED --add-opens=java.desktop/javax.swing.plaf.synth=ALL-UNNAMED --add-opens=java.desktop/com.sun.awt=ALL-UNNAMED -XX:NewSize=60m -XX:MaxNewSize=60m -Xms128m -Xmx3072m -Xss5m 

Host: Intel(R) Core(TM) i5-7400 CPU @ 3.00GHz, 4 cores, 15G,  Windows 7 , 64 bit Build 7601 (6.1.7601.23539)
Time: Tue Apr 20 15:58:06 2021 ?iiaineia a?aiy (ceia) elapsed time: 1628 seconds (0d 0h 27m 8s)

---------------  T H R E A D  ---------------

Current thread (0x0000000032283000):  JavaThread "AWT-EventQueue-1" [_thread_in_native, id=6612, stack(0x0000000036fe0000,0x00000000374e0000)]

Stack: [0x0000000036fe0000,0x00000000374e0000],  sp=0x00000000374d3f80,  free space=5071k
Native frames: (J=compiled Java code, j=interpreted, Vv=VM code, C=native code)
C  0x000007feb61defb9
C  0x000007feb61d60a7
C  0x000007feb61d5edd
C  0x000007feb61f86be
C  0x000007feb6291fae
C  0x000007feb6291ecf
C  0x000007feb62bcc5a
C  0x000007feb62bb02e
C  0x000007feb631882b
C  0x000007feb631a243
C  0x000007feb62f30a0
C  0x000007feb62f311d
C  0x000007feb62f31c1
C  0x000007feb63196b4
C  0x000007feb62e9746
C  0x000007feb62e9515
C  0x000007feb6325ccf
C  0x0000000026f43ba3

Java frames: (J=compiled Java code, j=interpreted, Vv=VM code)
J 19260  ui.views.waveform.waveformi.WVExecutive_getGraphicsDataSize(J)J (0 bytes) @ 0x0000000026f43b21 [0x0000000026f43ae0+0x0000000000000041]
J 19259 c1 ui.views.waveform.executive.a.gZe()Ljava/io/ByteArrayInputStream; (93 bytes) @ 0x00000000205e63a4 [0x00000000205e62c0+0x00000000000000e4]
J 19910 c1 ui.views.waveform.b.a.gYQ()V (142 bytes) @ 0x00000000214469b4 [0x00000000214468a0+0x0000000000000114]
J 19023 c1 ui.views.waveform.w.cZO()V (38 bytes) @ 0x000000001fe182e4 [0x000000001fe17b80+0x0000000000000764]
J 17338 c1 ui.views.waveform.c.b.j(Lui/frmwork/b/i;)V (603 bytes) @ 0x000000001f275bbc [0x000000001f26c4a0+0x000000000000971c]
J 17337 c1 ui.views.waveform.w.a(Lui/frmwork/b/i;)V (17 bytes) @ 0x000000001e92a014 [0x000000001e929f40+0x00000000000000d4]
J 23112 c2 ui.frmwork.b.l.d(Lui/frmwork/b/i;)V (61 bytes) @ 0x000000002741d5d4 [0x000000002741d3c0+0x0000000000000214]
J 21437 c2 ui.frmwork.G.i(JZ)V (471 bytes) @ 0x00000000271b34b0 [0x00000000271b1e00+0x00000000000016b0]
J 23113 c2 ui.frmwork.G.fireTclEvent(J)I (113 bytes) @ 0x000000002741ee3c [0x000000002741e480+0x00000000000009bc]
v  ~StubRoutines::call_stub
J 22753  ui.views.waveform.waveformi.WVExecutive_processModelEvent(JJ)V (0 bytes) @ 0x0000000026cda0a4 [0x0000000026cda060+0x0000000000000044]
J 23029 c1 ui.views.waveform.c.b.eQ(J)V (109 bytes) @ 0x000000002093f964 [0x000000002093f820+0x0000000000000144]
J 17338 c1 ui.views.waveform.c.b.j(Lui/frmwork/b/i;)V (603 bytes) @ 0x000000001f2768f4 [0x000000001f26c4a0+0x000000000000a454]
J 17337 c1 ui.views.waveform.w.a(Lui/frmwork/b/i;)V (17 bytes) @ 0x000000001e92a014 [0x000000001e929f40+0x00000000000000d4]
J 23112 c2 ui.frmwork.b.l.d(Lui/frmwork/b/i;)V (61 bytes) @ 0x000000002741d5d4 [0x000000002741d3c0+0x0000000000000214]
J 21437 c2 ui.frmwork.G.i(JZ)V (471 bytes) @ 0x00000000271b34b0 [0x00000000271b1e00+0x00000000000016b0]
J 23113 c2 ui.frmwork.G.fireTclEvent(J)I (113 bytes) @ 0x000000002741ee3c [0x000000002741e480+0x00000000000009bc]
v  ~StubRoutines::call_stub
J 22753  ui.views.waveform.waveformi.WVExecutive_processModelEvent(JJ)V (0 bytes) @ 0x0000000026cda0a4 [0x0000000026cda060+0x0000000000000044]
J 23029 c1 ui.views.waveform.c.b.eQ(J)V (109 bytes) @ 0x000000002093f964 [0x000000002093f820+0x0000000000000144]
j  ui.views.waveform.c.e.actionPerformed(Ljava/awt/event/ActionEvent;)V+8
J 19649 c2 javax.swing.Timer.fireActionPerformed(Ljava/awt/event/ActionEvent;)V java.desktop@9.0.4 (46 bytes) @ 0x0000000026fae060 [0x0000000026fadf40+0x0000000000000120]
J 20193 c2 javax.swing.Timer$DoPostEvent.run()V java.desktop@9.0.4 (82 bytes) @ 0x0000000026609b64 [0x0000000026609860+0x0000000000000304]
J 13908 c2 java.awt.EventQueue$3.run()Ljava/lang/Object; java.desktop@9.0.4 (5 bytes) @ 0x0000000026957b04 [0x0000000026957a00+0x0000000000000104]
v  ~StubRoutines::call_stub
J 4283  java.security.AccessController.doPrivileged(Ljava/security/PrivilegedAction;Ljava/security/AccessControlContext;)Ljava/lang/Object; java.base@9.0.4 (0 bytes) @ 0x0000000025fd6ac6 [0x0000000025fd6a60+0x0000000000000066]
J 13681 c2 ui.frmwork.b.d.dispatchEvent(Ljava/awt/AWTEvent;)V (34 bytes) @ 0x000000002690f16c [0x000000002690eb80+0x00000000000005ec]
J 19101 c2 java.awt.EventDispatchThread.pumpOneEventForFilters(I)V java.desktop@9.0.4 (218 bytes) @ 0x0000000026ef3854 [0x0000000026ef3420+0x0000000000000434]
J 22439 c2 java.awt.EventDispatchThread.pumpEventsForFilter(ILjava/awt/Conditional;Ljava/awt/EventFilter;)V java.desktop@9.0.4 (47 bytes) @ 0x0000000026603acc [0x00000000266038e0+0x00000000000001ec]
j  java.awt.EventDispatchThread.pumpEventsForFilter(Ljava/awt/Conditional;Ljava/awt/EventFilter;)V+4 java.desktop@9.0.4
j  java.awt.WaitDispatchSupport$2.run()V+59 java.desktop@9.0.4
j  java.awt.WaitDispatchSupport$4.run()Ljava/lang/Void;+4 java.desktop@9.0.4
j  java.awt.WaitDispatchSupport$4.run()Ljava/lang/Object;+1 java.desktop@9.0.4
v  ~StubRoutines::call_stub
J 1042  java.security.AccessController.doPrivileged(Ljava/security/PrivilegedAction;)Ljava/lang/Object; java.base@9.0.4 (0 bytes) @ 0x0000000025e1d732 [0x0000000025e1d6e0+0x0000000000000052]
j  java.awt.WaitDispatchSupport.enter()Z+260 java.desktop@9.0.4
j  java.awt.Dialog.show()V+225 java.desktop@9.0.4
J 9810 c1 java.awt.Component.setVisible(Z)V java.desktop@9.0.4 (6 bytes) @ 0x00000000200dff4c [0x00000000200dfd60+0x00000000000001ec]
j  java.awt.Window.setVisible(Z)V+2 java.desktop@9.0.4
j  java.awt.Dialog.setVisible(Z)V+2 java.desktop@9.0.4
j  ui.b.c.g.setVisible(Z)V+2
j  ui.b.c.bB.showDialog()V+64
j  ui.b.c.bI.actionPerformed(Ljava/awt/event/ActionEvent;)V+8
j  ui.b.c.bB.cSz()V+396
j  ui.views.c.t.b.a.run()V+60
j  ui.frmwork.a.epE()Z+66
j  ui.frmwork.Y.erq()V+42
j  ui.bm.actionPerformed(Ljava/awt/event/ActionEvent;)V+25
j  javax.swing.AbstractButton.fireActionPerformed(Ljava/awt/event/ActionEvent;)V+84 java.desktop@9.0.4
j  ui.utils.p.b.E.fireActionPerformed(Ljava/awt/event/ActionEvent;)V+7
j  javax.swing.AbstractButton$Handler.actionPerformed(Ljava/awt/event/ActionEvent;)V+5 java.desktop@9.0.4
j  javax.swing.DefaultButtonModel.fireActionPerformed(Ljava/awt/event/ActionEvent;)V+34 java.desktop@9.0.4
j  javax.swing.DefaultButtonModel.setPressed(Z)V+117 java.desktop@9.0.4
j  javax.swing.plaf.basic.BasicButtonListener.mouseReleased(Ljava/awt/event/MouseEvent;)V+35 java.desktop@9.0.4
j  com.jidesoft.plaf.basic.BasicJideButtonListener.mouseReleased(Ljava/awt/event/MouseEvent;)V+61
J 19511 c1 java.awt.AWTEventMulticaster.mouseReleased(Ljava/awt/event/MouseEvent;)V java.desktop@9.0.4 (27 bytes) @ 0x00000000212af10c [0x00000000212aef00+0x000000000000020c]
J 19511 c1 java.awt.AWTEventMulticaster.mouseReleased(Ljava/awt/event/MouseEvent;)V java.desktop@9.0.4 (27 bytes) @ 0x00000000212af10c [0x00000000212aef00+0x000000000000020c]
J 19511 c1 java.awt.AWTEventMulticaster.mouseReleased(Ljava/awt/event/MouseEvent;)V java.desktop@9.0.4 (27 bytes) @ 0x00000000212af10c [0x00000000212aef00+0x000000000000020c]
J 23811 c2 javax.swing.JComponent.processMouseEvent(Ljava/awt/event/MouseEvent;)V java.desktop@9.0.4 (27 bytes) @ 0x000000002753f488 [0x000000002753f2a0+0x00000000000001e8]
J 23478 c2 java.awt.Container.processEvent(Ljava/awt/AWTEvent;)V java.desktop@9.0.4 (22 bytes) @ 0x000000002695e700 [0x000000002695e5a0+0x0000000000000160]
J 23659 c1 java.awt.Component.dispatchEventImpl(Ljava/awt/AWTEvent;)V java.desktop@9.0.4 (739 bytes) @ 0x000000002002b1d4 [0x00000000200273c0+0x0000000000003e14]
J 23857 c2 java.awt.Container.dispatchEventImpl(Ljava/awt/AWTEvent;)V java.desktop@9.0.4 (129 bytes) @ 0x00000000275540f8 [0x0000000027553ce0+0x0000000000000418]
J 20170 c2 java.awt.LightweightDispatcher.retargetMouseEvent(Ljava/awt/Component;ILjava/awt/event/MouseEvent;)V java.desktop@9.0.4 (350 bytes) @ 0x000000002660ffe0 [0x000000002660fbe0+0x0000000000000400]
J 23857 c2 java.awt.Container.dispatchEventImpl(Ljava/awt/AWTEvent;)V java.desktop@9.0.4 (129 bytes) @ 0x0000000027554934 [0x0000000027553ce0+0x0000000000000c54]
J 20992 c2 java.awt.Window.dispatchEventImpl(Ljava/awt/AWTEvent;)V java.desktop@9.0.4 (23 bytes) @ 0x000000002713448c [0x0000000027134440+0x000000000000004c]
J 13908 c2 java.awt.EventQueue$3.run()Ljava/lang/Object; java.desktop@9.0.4 (5 bytes) @ 0x0000000026957bbc [0x0000000026957a00+0x00000000000001bc]
v  ~StubRoutines::call_stub
J 4283  java.security.AccessController.doPrivileged(Ljava/security/PrivilegedAction;Ljava/security/AccessControlContext;)Ljava/lang/Object; java.base@9.0.4 (0 bytes) @ 0x0000000025fd6ac6 [0x0000000025fd6a60+0x0000000000000066]
J 18095 c2 java.awt.EventQueue$4.run()Ljava/lang/Object; java.desktop@9.0.4 (5 bytes) @ 0x0000000026d7cbb8 [0x0000000026d7c960+0x0000000000000258]
v  ~StubRoutines::call_stub
J 4283  java.security.AccessController.doPrivileged(Ljava/security/PrivilegedAction;Ljava/security/AccessControlContext;)Ljava/lang/Object; java.base@9.0.4 (0 bytes) @ 0x0000000025fd6ac6 [0x0000000025fd6a60+0x0000000000000066]
J 13681 c2 ui.frmwork.b.d.dispatchEvent(Ljava/awt/AWTEvent;)V (34 bytes) @ 0x000000002690ef9c [0x000000002690eb80+0x000000000000041c]
J 19101 c2 java.awt.EventDispatchThread.pumpOneEventForFilters(I)V java.desktop@9.0.4 (218 bytes) @ 0x0000000026ef3854 [0x0000000026ef3420+0x0000000000000434]
J 22339% c2 java.awt.EventDispatchThread.pumpEventsForFilter(ILjava/awt/Conditional;Ljava/awt/EventFilter;)V java.desktop@9.0.4 (47 bytes) @ 0x00000000273297f8 [0x00000000273296e0+0x0000000000000118]
j  java.awt.EventDispatchThread.pumpEventsForHierarchy(ILjava/awt/Conditional;Ljava/awt/Component;)V+11 java.desktop@9.0.4
j  java.awt.EventDispatchThread.pumpEvents(ILjava/awt/Conditional;)V+4 java.desktop@9.0.4
j  java.awt.EventDispatchThread.pumpEvents(Ljava/awt/Conditional;)V+3 java.desktop@9.0.4
j  java.awt.EventDispatchThread.run()V+9 java.desktop@9.0.4
v  ~StubRoutines::call_stub

siginfo: EXCEPTION_ACCESS_VIOLATION (0xc0000005), reading address 0xffffffffffffffff


Register to memory mapping:

RIP=0x000007feb61defb9 is an unknown value
RAX=0x000007feb64cffff is an unknown value
RBX=0x00000000374d40e0 is pointing into the stack for thread: 0x0000000032283000
RCX=0x00000000449958d0 is an unknown value
RDX=0x000000003b090ad0 is an unknown value
RSP=0x00000000374d3f80 is pointing into the stack for thread: 0x0000000032283000
RBP=0x00000000374d40a0 is pointing into the stack for thread: 0x0000000032283000
RSI=0x000000003b090ad0 is an unknown value
RDI=0x00000000449958d0 is an unknown value
R8 =0x00000000374d40a0 is pointing into the stack for thread: 0x0000000032283000
R9 =0x00000000374d40e0 is pointing into the stack for thread: 0x0000000032283000
R10=0x000000003b090ae0 is an unknown value
R11=0x000000003b158f00 is an unknown value
R12=0x0000000000000000 is an unknown value
R13=0x0000000000000000 is an unknown value
R14=0x000000003b090ad0 is an unknown value
R15=0x0000000000000001 is an unknown value


Registers:
RAX=0x000007feb64cffff, RBX=0x00000000374d40e0, RCX=0x00000000449958d0, RDX=0x000000003b090ad0
RSP=0x00000000374d3f80, RBP=0x00000000374d40a0, RSI=0x000000003b090ad0, RDI=0x00000000449958d0
R8 =0x00000000374d40a0, R9 =0x00000000374d40e0, R10=0x000000003b090ae0, R11=0x000000003b158f00
R12=0x0000000000000000, R13=0x0000000000000000, R14=0x000000003b090ad0, R15=0x0000000000000001
RIP=0x000007feb61defb9, EFLAGS=0x0000000000010206

Top of Stack: (sp=0x00000000374d3f80)
0x00000000374d3f80:   000000073bd80808 00000000000cc090
0x00000000374d3f90:   000000070a792c88 00000000000cc280
0x00000000374d3fa0:   00000000000cc4b0 00000000374d40e0
0x00000000374d3fb0:   00000000374d40a0 000000003b090ad0
0x00000000374d3fc0:   fffffffffffffffe 00000007016ff780
0x00000000374d3fd0:   0000000076e303c8 0000000000000000
0x00000000374d3fe0:   0000000000000010 00000000000c0000
0x00000000374d3ff0:   00000000340f6c68 0000000000000008
0x00000000374d4000:   00000000000c0288 0000000076d6db18
0x00000000374d4010:   0000000700000000 0000000000000008
0x00000000374d4020:   00068e88016f0281 00000000000cc480
0x00000000374d4030:   0000035382b61caa 0000000041800000
0x00000000374d4040:   000007feb6670d48 00000000374d41b8
0x00000000374d4050:   000000004752e680 00000000374d40e9
0x00000000374d4060:   00000000374d41a0 000007feb61d60a7
0x00000000374d4070:   00000007019e1368 000007feb6670d53 

Instructions: (pc=0x000007feb61defb9)
0x000007feb61def99:   d9 48 89 5c 24 28 49 8b e8 4c 89 44 24 30 48 8b
0x000007feb61defa9:   f2 48 89 54 24 38 48 8b 79 08 48 8b 07 48 8b cf
0x000007feb61defb9:   ff 50 28 89 44 24 20 83 f8 01 75 16 4c 8b cb 4c
0x000007feb61defc9:   8b c5 48 8b d6 48 8b cf e8 ca 01 00 00 e9 a6 01 



---------------  P R O C E S S  ---------------

Java Threads: ( => current thread )
  0x0000000045177800 JavaThread "Relaunch Simulation Thread" [_thread_in_native, id=6608, stack(0x0000000048ce0000,0x00000000491e0000)]
  0x000000003295a000 JavaThread "Monitor File Timestamp Swing Worker Thread" [_thread_blocked, id=4188, stack(0x000000004dac0000,0x000000004dfc0000)]
  0x0000000032959000 JavaThread "Timer-2" [_thread_blocked, id=6620, stack(0x000000004d440000,0x000000004d940000)]
  0x0000000032061800 JavaThread "Swing-Shell" daemon [_thread_blocked, id=5844, stack(0x000000004c010000,0x000000004c510000)]
  0x000000004517a000 JavaThread "SyntheticaAnimation 50" daemon [_thread_blocked, id=5948, stack(0x000000004cdb0000,0x000000004d2b0000)]
  0x0000000045176000 JavaThread "ForkJoinPool.commonPool-worker-1" daemon [_thread_blocked, id=5836, stack(0x000000004b300000,0x000000004b800000)]
  0x0000000045174800 JavaThread "Image Animator 3" daemon [_thread_blocked, id=7060, stack(0x000000004baf0000,0x000000004bff0000)]
  0x0000000045173800 JavaThread "Monitor File Timestamp Swing Worker Thread" [_thread_blocked, id=6792, stack(0x0000000049cd0000,0x000000004a1d0000)]
  0x0000000042797000 JavaThread "Timer-1" [_thread_blocked, id=3200, stack(0x000000003ee30000,0x000000003f330000)]
  0x0000000042799800 JavaThread "SyntheticaAnimation 50" daemon [_thread_blocked, id=3896, stack(0x00000000465d0000,0x0000000046ad0000)]
  0x0000000042798000 JavaThread "Update Runs Swing Worker Thread" [_thread_blocked, id=5996, stack(0x0000000045940000,0x0000000045e40000)]
  0x0000000032067800 JavaThread "hw_ila_monitor" [_thread_blocked, id=6252, stack(0x0000000043270000,0x0000000043770000)]
  0x0000000032066800 JavaThread "Refresh Filesets Swing Worker Thread" [_thread_blocked, id=5628, stack(0x00000000419a0000,0x0000000041ea0000)]
  0x0000000032066000 JavaThread "SyntheticaAnimation 70" daemon [_thread_blocked, id=7108, stack(0x000000003f3e0000,0x000000003f8e0000)]
  0x0000000032063000 JavaThread "SyntheticaAnimation 25" daemon [_thread_blocked, id=6856, stack(0x000000003e720000,0x000000003ec20000)]
  0x0000000032063800 JavaThread "SyntheticaAnimation 50" daemon [_thread_blocked, id=5936, stack(0x000000003e1a0000,0x000000003e6a0000)]
  0x0000000032064800 JavaThread "Monitor HEventQueue Thread" [_thread_blocked, id=6676, stack(0x000000003d8b0000,0x000000003ddb0000)]
  0x0000000032062000 JavaThread "SyntheticaCleanerThread" daemon [_thread_blocked, id=5168, stack(0x0000000038420000,0x0000000038920000)]
  0x0000000032060800 JavaThread "Batik CleanerThread" daemon [_thread_blocked, id=5868, stack(0x00000000377c0000,0x0000000037cc0000)]
=>0x0000000032283000 JavaThread "AWT-EventQueue-1" [_thread_in_native, id=6612, stack(0x0000000036fe0000,0x00000000374e0000)]
  0x0000000032282000 JavaThread "AWT-Shutdown" [_thread_blocked, id=6076, stack(0x00000000368f0000,0x0000000036df0000)]
  0x0000000031f47800 JavaThread "Process Messages Thread" [_thread_blocked, id=5940, stack(0x00000000363e0000,0x00000000368e0000)]
  0x0000000031f46000 JavaThread "Thread-1" [_thread_in_native, id=4676, stack(0x00000000044d0000,0x00000000058d0000)]
  0x0000000031f12000 JavaThread "TimerQueue" daemon [_thread_blocked, id=4944, stack(0x0000000035370000,0x0000000035870000)]
  0x000000000d43e000 JavaThread "AWT-Windows" daemon [_thread_in_native, id=4892, stack(0x0000000033850000,0x0000000033d50000)]
  0x0000000031d7c000 JavaThread "Java2D Disposer" daemon [_thread_blocked, id=2604, stack(0x0000000032d30000,0x0000000033230000)]
  0x000000000b58a800 JavaThread "Service Thread" daemon [_thread_blocked, id=1108, stack(0x0000000031710000,0x0000000031c10000)]
  0x000000000c9a3800 JavaThread "Common-Cleaner" daemon [_thread_blocked, id=6888, stack(0x0000000031030000,0x0000000031530000)]
  0x000000000c567800 JavaThread "Sweeper thread" daemon [_thread_blocked, id=5616, stack(0x0000000030a10000,0x0000000030f10000)]
  0x000000000ca89800 JavaThread "C1 CompilerThread2" daemon [_thread_blocked, id=7044, stack(0x000000001df00000,0x000000001e000000)]
  0x000000000ca88800 JavaThread "C2 CompilerThread1" daemon [_thread_blocked, id=1120, stack(0x000000001dde0000,0x000000001dee0000)]
  0x000000000b70b000 JavaThread "C2 CompilerThread0" daemon [_thread_blocked, id=716, stack(0x0000000011860000,0x0000000011960000)]
  0x000000000b70a800 JavaThread "Attach Listener" daemon [_thread_blocked, id=5920, stack(0x0000000030360000,0x0000000030860000)]
  0x0000000010f73800 JavaThread "Signal Dispatcher" daemon [_thread_blocked, id=5676, stack(0x00000000119f0000,0x0000000011ef0000)]
  0x000000000989e000 JavaThread "Finalizer" daemon [_thread_blocked, id=5840, stack(0x0000000011350000,0x0000000011850000)]
  0x000000000989d000 JavaThread "Reference Handler" daemon [_thread_blocked, id=1792, stack(0x000000000fca0000,0x00000000101a0000)]
  0x00000000076db000 JavaThread "main" [_thread_blocked, id=6480, stack(0x0000000004170000,0x0000000004270000)]

Other Threads:
  0x000000000be31000 VMThread "VM Thread" [stack: 0x000000000fb00000,0x000000000fc00000] [id=6916]
  0x000000000d0df000 WatcherThread [stack: 0x0000000031540000,0x0000000031640000] [id=6172]
  0x000000000289b000 GCTaskThread "GC Thread#0" [stack: 0x0000000006110000,0x0000000006210000] [id=4336]
  0x0000000010f9c800 GCTaskThread "GC Thread#1" [stack: 0x0000000006320000,0x0000000006420000] [id=5356]
  0x0000000010f9d000 GCTaskThread "GC Thread#2" [stack: 0x00000000064b0000,0x00000000065b0000] [id=3884]
  0x0000000010f9d800 GCTaskThread "GC Thread#3" [stack: 0x00000000066a0000,0x00000000067a0000] [id=6708]
  0x0000000010e9d000 ConcurrentGCThread "G1 Main Marker" [stack: 0x000000000a240000,0x000000000a340000] [id=3044]
  0x0000000010f9e000 ConcurrentGCThread "G1 Marker#0" [stack: 0x000000000ecc0000,0x000000000edc0000] [id=7012]
  0x000000000a895800 ConcurrentGCThread "G1 Refine#0" [stack: 0x0000000006f80000,0x0000000007080000] [id=7088]
  0x000000000cc27800 ConcurrentGCThread "G1 Refine#1" [stack: 0x000000000a120000,0x000000000a220000] [id=6720]
  0x000000000a886800 ConcurrentGCThread "G1 Refine#2" [stack: 0x0000000006da0000,0x0000000006ea0000] [id=5900]
  0x000000000cac2800 ConcurrentGCThread "G1 Refine#3" [stack: 0x0000000006bb0000,0x0000000006cb0000] [id=6640]
  0x000000000c9e1800 ConcurrentGCThread "G1 Young RemSet Sampling" [stack: 0x000000000a3c0000,0x000000000a4c0000] [id=6796]

Threads with active compile tasks:

VM state:not at safepoint (normal execution)

VM Mutex/Monitor currently owned by a thread: None

Heap address: 0x0000000700000000, size: 3072 MB, Compressed Oops mode: Zero based, Oop shift amount: 3
Narrow klass base: 0x0000000000000000, Narrow klass shift: 3
Compressed class space size: 1073741824 Address: 0x00000007c0000000

Heap:
 garbage-first heap   total 223232K, used 126601K [0x0000000700000000, 0x00000007001006d0, 0x00000007c0000000)
  region size 1024K, 56 young (57344K), 3 survivors (3072K)
 Metaspace       used 89041K, capacity 95635K, committed 95944K, reserved 1132544K
  class space    used 12011K, capacity 13170K, committed 13256K, reserved 1048576K
Heap Regions: E=young(eden), S=young(survivor), O=old, HS=humongous(starts), HC=humongous(continues), CS=collection set, F=free, A=archive, TS=gc time stamp, AC=allocation context, TAMS=top-at-mark-start (previous, next)
|   0|0x0000000700000000, 0x0000000700100000, 0x0000000700100000|100%| O|  |TS  0|AC  0|TAMS 0x0000000700000000, 0x0000000700000000|
|   1|0x0000000700100000, 0x00000007001fffe0, 0x0000000700200000| 99%| O|  |TS  0|AC  0|TAMS 0x0000000700100000, 0x0000000700100000|
|   2|0x0000000700200000, 0x00000007002db7d0, 0x0000000700300000| 85%| O|  |TS  0|AC  0|TAMS 0x0000000700200000, 0x0000000700200000|
|   3|0x0000000700300000, 0x00000007003ff3d0, 0x0000000700400000| 99%| O|  |TS  0|AC  0|TAMS 0x0000000700300000, 0x0000000700300000|
|   4|0x0000000700400000, 0x0000000700500000, 0x0000000700500000|100%|HS|  |TS  0|AC  0|TAMS 0x0000000700400000, 0x0000000700400000|
|   5|0x0000000700500000, 0x0000000700600000, 0x0000000700600000|100%|HC|  |TS  0|AC  0|TAMS 0x0000000700500000, 0x0000000700500000|
|   6|0x0000000700600000, 0x0000000700700000, 0x0000000700700000|100%|HS|  |TS  0|AC  0|TAMS 0x0000000700600000, 0x0000000700600000|
|   7|0x0000000700700000, 0x00000007007e0b78, 0x0000000700800000| 87%| O|  |TS  0|AC  0|TAMS 0x0000000700700000, 0x0000000700700000|
|   8|0x0000000700800000, 0x00000007008f4b58, 0x0000000700900000| 95%| O|  |TS  0|AC  0|TAMS 0x0000000700800000, 0x0000000700800000|
|   9|0x0000000700900000, 0x0000000700a00000, 0x0000000700a00000|100%| O|  |TS  0|AC  0|TAMS 0x0000000700900000, 0x0000000700900000|
|  10|0x0000000700a00000, 0x0000000700afffc8, 0x0000000700b00000| 99%| O|  |TS  0|AC  0|TAMS 0x0000000700a00000, 0x0000000700a00000|
|  11|0x0000000700b00000, 0x0000000700bfffc8, 0x0000000700c00000| 99%| O|  |TS  0|AC  0|TAMS 0x0000000700b00000, 0x0000000700b00000|
|  12|0x0000000700c00000, 0x0000000700cfffe8, 0x0000000700d00000| 99%| O|  |TS  0|AC  0|TAMS 0x0000000700c00000, 0x0000000700c00000|
|  13|0x0000000700d00000, 0x0000000700dffff8, 0x0000000700e00000| 99%| O|  |TS  0|AC  0|TAMS 0x0000000700d00000, 0x0000000700d00000|
|  14|0x0000000700e00000, 0x0000000700f00000, 0x0000000700f00000|100%| O|  |TS  0|AC  0|TAMS 0x0000000700e00000, 0x0000000700e00000|
|  15|0x0000000700f00000, 0x0000000700fffff0, 0x0000000701000000| 99%| O|  |TS  0|AC  0|TAMS 0x0000000700f00000, 0x0000000700f00000|
|  16|0x0000000701000000, 0x00000007010d0540, 0x0000000701100000| 81%| O|  |TS  0|AC  0|TAMS 0x0000000701000000, 0x0000000701000000|
|  17|0x0000000701100000, 0x00000007011ffff8, 0x0000000701200000| 99%| O|  |TS  0|AC  0|TAMS 0x0000000701100000, 0x0000000701100000|
|  18|0x0000000701200000, 0x00000007012fffa8, 0x0000000701300000| 99%| O|  |TS  0|AC  0|TAMS 0x0000000701200000, 0x0000000701200000|
|  19|0x0000000701300000, 0x0000000701400000, 0x0000000701400000|100%| O|  |TS  0|AC  0|TAMS 0x0000000701300000, 0x0000000701300000|
|  20|0x0000000701400000, 0x00000007014fffd0, 0x0000000701500000| 99%| O|  |TS  0|AC  0|TAMS 0x0000000701400000, 0x0000000701400000|
|  21|0x0000000701500000, 0x00000007015f6d00, 0x0000000701600000| 96%| O|  |TS  0|AC  0|TAMS 0x0000000701500000, 0x0000000701500000|
|  22|0x0000000701600000, 0x0000000701700000, 0x0000000701700000|100%| O|  |TS  0|AC  0|TAMS 0x0000000701600000, 0x0000000701600000|
|  23|0x0000000701700000, 0x00000007017fffe8, 0x0000000701800000| 99%| O|  |TS  0|AC  0|TAMS 0x0000000701700000, 0x0000000701700000|
|  24|0x0000000701800000, 0x00000007018fffa8, 0x0000000701900000| 99%| O|  |TS  0|AC  0|TAMS 0x0000000701800000, 0x0000000701800000|
|  25|0x0000000701900000, 0x00000007019ffff8, 0x0000000701a00000| 99%| O|  |TS  0|AC  0|TAMS 0x0000000701900000, 0x0000000701900000|
|  26|0x0000000701a00000, 0x0000000701affff0, 0x0000000701b00000| 99%| O|  |TS  0|AC  0|TAMS 0x0000000701a00000, 0x0000000701a00000|
|  27|0x0000000701b00000, 0x0000000701bfffb8, 0x0000000701c00000| 99%| O|  |TS  0|AC  0|TAMS 0x0000000701b00000, 0x0000000701b00000|
|  28|0x0000000701c00000, 0x0000000701cffff0, 0x0000000701d00000| 99%| O|  |TS  0|AC  0|TAMS 0x0000000701c00000, 0x0000000701c00000|
|  29|0x0000000701d00000, 0x0000000701dfffd0, 0x0000000701e00000| 99%| O|  |TS  0|AC  0|TAMS 0x0000000701d00000, 0x0000000701d00000|
|  30|0x0000000701e00000, 0x0000000701effff0, 0x0000000701f00000| 99%| O|  |TS  0|AC  0|TAMS 0x0000000701e00000, 0x0000000701e00000|
|  31|0x0000000701f00000, 0x0000000701ffffc8, 0x0000000702000000| 99%| O|  |TS  0|AC  0|TAMS 0x0000000701f00000, 0x0000000701f00000|
|  32|0x0000000702000000, 0x00000007020fffe8, 0x0000000702100000| 99%| O|  |TS  0|AC  0|TAMS 0x0000000702000000, 0x0000000702000000|
|  33|0x0000000702100000, 0x0000000702200000, 0x0000000702200000|100%| O|  |TS  0|AC  0|TAMS 0x0000000702100000, 0x0000000702100000|
|  34|0x0000000702200000, 0x00000007022ffe58, 0x0000000702300000| 99%| O|  |TS  0|AC  0|TAMS 0x0000000702200000, 0x0000000702200000|
|  35|0x0000000702300000, 0x0000000702400000, 0x0000000702400000|100%| O|  |TS  0|AC  0|TAMS 0x0000000702300000, 0x0000000702300000|
|  36|0x0000000702400000, 0x00000007024fffa8, 0x0000000702500000| 99%| O|  |TS  0|AC  0|TAMS 0x0000000702400000, 0x0000000702400000|
|  37|0x0000000702500000, 0x00000007025fffe8, 0x0000000702600000| 99%| O|  |TS  0|AC  0|TAMS 0x0000000702500000, 0x0000000702500000|
|  38|0x0000000702600000, 0x00000007026fe200, 0x0000000702700000| 99%| O|  |TS  0|AC  0|TAMS 0x0000000702600000, 0x0000000702600000|
|  39|0x0000000702700000, 0x00000007027fffe8, 0x0000000702800000| 99%| O|  |TS  0|AC  0|TAMS 0x0000000702700000, 0x0000000702700000|
|  40|0x0000000702800000, 0x00000007028fff48, 0x0000000702900000| 99%| O|  |TS  0|AC  0|TAMS 0x0000000702800000, 0x0000000702800000|
|  41|0x0000000702900000, 0x00000007029fffe8, 0x0000000702a00000| 99%| O|  |TS  0|AC  0|TAMS 0x0000000702900000, 0x0000000702900000|
|  42|0x0000000702a00000, 0x0000000702affe40, 0x0000000702b00000| 99%| O|  |TS  0|AC  0|TAMS 0x0000000702a00000, 0x0000000702a00000|
|  43|0x0000000702b00000, 0x0000000702c00000, 0x0000000702c00000|100%| O|  |TS  0|AC  0|TAMS 0x0000000702b00000, 0x0000000702b00000|
|  44|0x0000000702c00000, 0x0000000702cffff0, 0x0000000702d00000| 99%| O|  |TS  0|AC  0|TAMS 0x0000000702c00000, 0x0000000702c00000|
|  45|0x0000000702d00000, 0x0000000702e00000, 0x0000000702e00000|100%| O|  |TS  0|AC  0|TAMS 0x0000000702d00000, 0x0000000702d00000|
|  46|0x0000000702e00000, 0x0000000702efffc0, 0x0000000702f00000| 99%| O|  |TS  0|AC  0|TAMS 0x0000000702e00000, 0x0000000702e00000|
|  47|0x0000000702f00000, 0x0000000702fffe90, 0x0000000703000000| 99%| O|  |TS  0|AC  0|TAMS 0x0000000702f00000, 0x0000000702f00000|
|  48|0x0000000703000000, 0x00000007030ffe98, 0x0000000703100000| 99%| O|  |TS  0|AC  0|TAMS 0x0000000703000000, 0x0000000703000000|
|  49|0x0000000703100000, 0x0000000703200000, 0x0000000703200000|100%| O|  |TS  0|AC  0|TAMS 0x0000000703100000, 0x0000000703100000|
|  50|0x0000000703200000, 0x00000007032ffff8, 0x0000000703300000| 99%| O|  |TS  0|AC  0|TAMS 0x0000000703200000, 0x0000000703200000|
|  51|0x0000000703300000, 0x0000000703400000, 0x0000000703400000|100%|HS|  |TS  0|AC  0|TAMS 0x0000000703300000, 0x0000000703300000|
|  52|0x0000000703400000, 0x0000000703500000, 0x0000000703500000|100%|HC|  |TS  0|AC  0|TAMS 0x0000000703400000, 0x0000000703400000|
|  53|0x0000000703500000, 0x0000000703600000, 0x0000000703600000|100%|HC|  |TS  0|AC  0|TAMS 0x0000000703500000, 0x0000000703500000|
|  54|0x0000000703600000, 0x0000000703700000, 0x0000000703700000|100%|HC|  |TS  0|AC  0|TAMS 0x0000000703600000, 0x0000000703600000|
|  55|0x0000000703700000, 0x0000000703800000, 0x0000000703800000|100%|HC|  |TS  0|AC  0|TAMS 0x0000000703700000, 0x0000000703700000|
|  56|0x0000000703800000, 0x0000000703900000, 0x0000000703900000|100%|HC|  |TS  0|AC  0|TAMS 0x0000000703800000, 0x0000000703800000|
|  57|0x0000000703900000, 0x0000000703a00000, 0x0000000703a00000|100%|HC|  |TS  0|AC  0|TAMS 0x0000000703900000, 0x0000000703900000|
|  58|0x0000000703a00000, 0x0000000703b00000, 0x0000000703b00000|100%|HC|  |TS  0|AC  0|TAMS 0x0000000703a00000, 0x0000000703a00000|
|  59|0x0000000703b00000, 0x0000000703bfffd8, 0x0000000703c00000| 99%| O|  |TS  0|AC  0|TAMS 0x0000000703b00000, 0x0000000703b00000|
|  60|0x0000000703c00000, 0x0000000703cffff0, 0x0000000703d00000| 99%| O|  |TS  0|AC  0|TAMS 0x0000000703c00000, 0x0000000703c00000|
|  61|0x0000000703d00000, 0x0000000703e00000, 0x0000000703e00000|100%| O|  |TS  0|AC  0|TAMS 0x0000000703d00000, 0x0000000703d00000|
|  62|0x0000000703e00000, 0x0000000703effff8, 0x0000000703f00000| 99%| O|  |TS  0|AC  0|TAMS 0x0000000703e00000, 0x0000000703e00000|
|  63|0x0000000703f00000, 0x0000000703fd4568, 0x0000000704000000| 82%| O|  |TS  0|AC  0|TAMS 0x0000000703f00000, 0x0000000703f00000|
|  64|0x0000000704000000, 0x00000007040ffff8, 0x0000000704100000| 99%| O|  |TS  0|AC  0|TAMS 0x0000000704000000, 0x0000000704000000|
|  65|0x0000000704100000, 0x00000007041eee18, 0x0000000704200000| 93%| O|  |TS  0|AC  0|TAMS 0x0000000704100000, 0x0000000704100000|
|  66|0x0000000704200000, 0x000000070426fa00, 0x0000000704300000| 43%| O|  |TS 65|AC  0|TAMS 0x0000000704200000, 0x0000000704200000|
|  67|0x0000000704300000, 0x0000000704400000, 0x0000000704400000|100%|HS|  |TS  0|AC  0|TAMS 0x0000000704300000, 0x0000000704300000|
|  68|0x0000000704400000, 0x0000000704500000, 0x0000000704500000|100%|HS|  |TS  0|AC  0|TAMS 0x0000000704400000, 0x0000000704400000|
|  69|0x0000000704500000, 0x0000000704600000, 0x0000000704600000|100%|HC|  |TS  0|AC  0|TAMS 0x0000000704500000, 0x0000000704500000|
|  70|0x0000000704600000, 0x0000000704600000, 0x0000000704700000|  0%| F|  |TS 45|AC  0|TAMS 0x0000000704600000, 0x0000000704600000|
|  71|0x0000000704700000, 0x0000000704700000, 0x0000000704800000|  0%| F|  |TS 45|AC  0|TAMS 0x0000000704700000, 0x0000000704700000|
|  72|0x0000000704800000, 0x0000000704800000, 0x0000000704900000|  0%| F|  |TS  0|AC  0|TAMS 0x0000000704800000, 0x0000000704800000|
|  73|0x0000000704900000, 0x0000000704900000, 0x0000000704a00000|  0%| F|  |TS  0|AC  0|TAMS 0x0000000704900000, 0x0000000704900000|
|  74|0x0000000704a00000, 0x0000000704a00000, 0x0000000704b00000|  0%| F|  |TS  0|AC  0|TAMS 0x0000000704a00000, 0x0000000704a00000|
|  75|0x0000000704b00000, 0x0000000704b00000, 0x0000000704c00000|  0%| F|  |TS  0|AC  0|TAMS 0x0000000704b00000, 0x0000000704b00000|
|  76|0x0000000704c00000, 0x0000000704c00000, 0x0000000704d00000|  0%| F|  |TS  0|AC  0|TAMS 0x0000000704c00000, 0x0000000704c00000|
|  77|0x0000000704d00000, 0x0000000704d00000, 0x0000000704e00000|  0%| F|  |TS  0|AC  0|TAMS 0x0000000704d00000, 0x0000000704d00000|
|  78|0x0000000704e00000, 0x0000000704e00000, 0x0000000704f00000|  0%| F|  |TS  0|AC  0|TAMS 0x0000000704e00000, 0x0000000704e00000|
|  79|0x0000000704f00000, 0x0000000704f00000, 0x0000000705000000|  0%| F|  |TS  0|AC  0|TAMS 0x0000000704f00000, 0x0000000704f00000|
|  80|0x0000000705000000, 0x0000000705000000, 0x0000000705100000|  0%| F|  |TS  0|AC  0|TAMS 0x0000000705000000, 0x0000000705000000|
|  81|0x0000000705100000, 0x0000000705100000, 0x0000000705200000|  0%| F|  |TS  0|AC  0|TAMS 0x0000000705100000, 0x0000000705100000|
|  82|0x0000000705200000, 0x0000000705200000, 0x0000000705300000|  0%| F|  |TS  0|AC  0|TAMS 0x0000000705200000, 0x0000000705200000|
|  83|0x0000000705300000, 0x0000000705300000, 0x0000000705400000|  0%| F|  |TS  0|AC  0|TAMS 0x0000000705300000, 0x0000000705300000|
|  84|0x0000000705400000, 0x0000000705400000, 0x0000000705500000|  0%| F|  |TS  0|AC  0|TAMS 0x0000000705400000, 0x0000000705400000|
|  85|0x0000000705500000, 0x0000000705500000, 0x0000000705600000|  0%| F|  |TS  0|AC  0|TAMS 0x0000000705500000, 0x0000000705500000|
|  86|0x0000000705600000, 0x0000000705600000, 0x0000000705700000|  0%| F|  |TS  0|AC  0|TAMS 0x0000000705600000, 0x0000000705600000|
|  87|0x0000000705700000, 0x0000000705700000, 0x0000000705800000|  0%| F|  |TS  0|AC  0|TAMS 0x0000000705700000, 0x0000000705700000|
|  88|0x0000000705800000, 0x0000000705800000, 0x0000000705900000|  0%| F|  |TS  0|AC  0|TAMS 0x0000000705800000, 0x0000000705800000|
|  89|0x0000000705900000, 0x0000000705900000, 0x0000000705a00000|  0%| F|  |TS  0|AC  0|TAMS 0x0000000705900000, 0x0000000705900000|
|  90|0x0000000705a00000, 0x0000000705a00000, 0x0000000705b00000|  0%| F|  |TS  0|AC  0|TAMS 0x0000000705a00000, 0x0000000705a00000|
|  91|0x0000000705b00000, 0x0000000705b00000, 0x0000000705c00000|  0%| F|  |TS  0|AC  0|TAMS 0x0000000705b00000, 0x0000000705b00000|
|  92|0x0000000705c00000, 0x0000000705c00000, 0x0000000705d00000|  0%| F|  |TS  0|AC  0|TAMS 0x0000000705c00000, 0x0000000705c00000|
|  93|0x0000000705d00000, 0x0000000705d00000, 0x0000000705e00000|  0%| F|  |TS  0|AC  0|TAMS 0x0000000705d00000, 0x0000000705d00000|
|  94|0x0000000705e00000, 0x0000000705e00000, 0x0000000705f00000|  0%| F|  |TS  0|AC  0|TAMS 0x0000000705e00000, 0x0000000705e00000|
|  95|0x0000000705f00000, 0x0000000705f00000, 0x0000000706000000|  0%| F|  |TS  0|AC  0|TAMS 0x0000000705f00000, 0x0000000705f00000|
|  96|0x0000000706000000, 0x0000000706000000, 0x0000000706100000|  0%| F|  |TS  0|AC  0|TAMS 0x0000000706000000, 0x0000000706000000|
|  97|0x0000000706100000, 0x0000000706100000, 0x0000000706200000|  0%| F|  |TS  0|AC  0|TAMS 0x0000000706100000, 0x0000000706100000|
|  98|0x0000000706200000, 0x0000000706200000, 0x0000000706300000|  0%| F|  |TS  0|AC  0|TAMS 0x0000000706200000, 0x0000000706200000|
|  99|0x0000000706300000, 0x0000000706300000, 0x0000000706400000|  0%| F|  |TS  0|AC  0|TAMS 0x0000000706300000, 0x0000000706300000|
| 100|0x0000000706400000, 0x0000000706400000, 0x0000000706500000|  0%| F|  |TS  0|AC  0|TAMS 0x0000000706400000, 0x0000000706400000|
| 101|0x0000000706500000, 0x0000000706500000, 0x0000000706600000|  0%| F|  |TS  0|AC  0|TAMS 0x0000000706500000, 0x0000000706500000|
| 102|0x0000000706600000, 0x0000000706600000, 0x0000000706700000|  0%| F|  |TS  0|AC  0|TAMS 0x0000000706600000, 0x0000000706600000|
| 103|0x0000000706700000, 0x0000000706700000, 0x0000000706800000|  0%| F|  |TS  0|AC  0|TAMS 0x0000000706700000, 0x0000000706700000|
| 104|0x0000000706800000, 0x0000000706800000, 0x0000000706900000|  0%| F|  |TS  0|AC  0|TAMS 0x0000000706800000, 0x0000000706800000|
| 105|0x0000000706900000, 0x0000000706900000, 0x0000000706a00000|  0%| F|  |TS  0|AC  0|TAMS 0x0000000706900000, 0x0000000706900000|
| 106|0x0000000706a00000, 0x0000000706a00000, 0x0000000706b00000|  0%| F|  |TS  0|AC  0|TAMS 0x0000000706a00000, 0x0000000706a00000|
| 107|0x0000000706b00000, 0x0000000706b00000, 0x0000000706c00000|  0%| F|  |TS  0|AC  0|TAMS 0x0000000706b00000, 0x0000000706b00000|
| 108|0x0000000706c00000, 0x0000000706c00000, 0x0000000706d00000|  0%| F|  |TS  0|AC  0|TAMS 0x0000000706c00000, 0x0000000706c00000|
| 109|0x0000000706d00000, 0x0000000706d00000, 0x0000000706e00000|  0%| F|  |TS  0|AC  0|TAMS 0x0000000706d00000, 0x0000000706d00000|
| 110|0x0000000706e00000, 0x0000000706e00000, 0x0000000706f00000|  0%| F|  |TS  0|AC  0|TAMS 0x0000000706e00000, 0x0000000706e00000|
| 111|0x0000000706f00000, 0x0000000706f00000, 0x0000000707000000|  0%| F|  |TS  0|AC  0|TAMS 0x0000000706f00000, 0x0000000706f00000|
| 112|0x0000000707000000, 0x0000000707000000, 0x0000000707100000|  0%| F|  |TS  0|AC  0|TAMS 0x0000000707000000, 0x0000000707000000|
| 113|0x0000000707100000, 0x0000000707100000, 0x0000000707200000|  0%| F|  |TS  0|AC  0|TAMS 0x0000000707100000, 0x0000000707100000|
| 114|0x0000000707200000, 0x0000000707200000, 0x0000000707300000|  0%| F|  |TS  0|AC  0|TAMS 0x0000000707200000, 0x0000000707200000|
| 115|0x0000000707300000, 0x0000000707300000, 0x0000000707400000|  0%| F|  |TS  0|AC  0|TAMS 0x0000000707300000, 0x0000000707300000|
| 116|0x0000000707400000, 0x0000000707400000, 0x0000000707500000|  0%| F|  |TS  0|AC  0|TAMS 0x0000000707400000, 0x0000000707400000|
| 117|0x0000000707500000, 0x0000000707500000, 0x0000000707600000|  0%| F|  |TS  0|AC  0|TAMS 0x0000000707500000, 0x0000000707500000|
| 118|0x0000000707600000, 0x0000000707600000, 0x0000000707700000|  0%| F|  |TS  0|AC  0|TAMS 0x0000000707600000, 0x0000000707600000|
| 119|0x0000000707700000, 0x0000000707700000, 0x0000000707800000|  0%| F|  |TS  0|AC  0|TAMS 0x0000000707700000, 0x0000000707700000|
| 120|0x0000000707800000, 0x0000000707800000, 0x0000000707900000|  0%| F|  |TS  0|AC  0|TAMS 0x0000000707800000, 0x0000000707800000|
| 121|0x0000000707900000, 0x0000000707900000, 0x0000000707a00000|  0%| F|  |TS  0|AC  0|TAMS 0x0000000707900000, 0x0000000707900000|
| 122|0x0000000707a00000, 0x0000000707a00000, 0x0000000707b00000|  0%| F|  |TS  0|AC  0|TAMS 0x0000000707a00000, 0x0000000707a00000|
| 123|0x0000000707b00000, 0x0000000707b00000, 0x0000000707c00000|  0%| F|  |TS  0|AC  0|TAMS 0x0000000707b00000, 0x0000000707b00000|
| 124|0x0000000707c00000, 0x0000000707c00000, 0x0000000707d00000|  0%| F|  |TS  0|AC  0|TAMS 0x0000000707c00000, 0x0000000707c00000|
| 125|0x0000000707d00000, 0x0000000707d00000, 0x0000000707e00000|  0%| F|  |TS  0|AC  0|TAMS 0x0000000707d00000, 0x0000000707d00000|
| 126|0x0000000707e00000, 0x0000000707e00000, 0x0000000707f00000|  0%| F|  |TS  0|AC  0|TAMS 0x0000000707e00000, 0x0000000707e00000|
| 127|0x0000000707f00000, 0x0000000707f00000, 0x0000000708000000|  0%| F|  |TS  0|AC  0|TAMS 0x0000000707f00000, 0x0000000707f00000|
| 128|0x0000000708000000, 0x0000000708000000, 0x0000000708100000|  0%| F|  |TS  0|AC  0|TAMS 0x0000000708000000, 0x0000000708000000|
| 129|0x0000000708100000, 0x0000000708100000, 0x0000000708200000|  0%| F|  |TS  0|AC  0|TAMS 0x0000000708100000, 0x0000000708100000|
| 130|0x0000000708200000, 0x0000000708200000, 0x0000000708300000|  0%| F|  |TS  0|AC  0|TAMS 0x0000000708200000, 0x0000000708200000|
| 131|0x0000000708300000, 0x0000000708300000, 0x0000000708400000|  0%| F|  |TS  0|AC  0|TAMS 0x0000000708300000, 0x0000000708300000|
| 132|0x0000000708400000, 0x0000000708400000, 0x0000000708500000|  0%| F|  |TS  0|AC  0|TAMS 0x0000000708400000, 0x0000000708400000|
| 133|0x0000000708500000, 0x0000000708500000, 0x0000000708600000|  0%| F|  |TS  0|AC  0|TAMS 0x0000000708500000, 0x0000000708500000|
| 134|0x0000000708600000, 0x0000000708600000, 0x0000000708700000|  0%| F|  |TS  0|AC  0|TAMS 0x0000000708600000, 0x0000000708600000|
| 135|0x0000000708700000, 0x0000000708700000, 0x0000000708800000|  0%| F|  |TS  0|AC  0|TAMS 0x0000000708700000, 0x0000000708700000|
| 136|0x0000000708800000, 0x0000000708800000, 0x0000000708900000|  0%| F|  |TS  0|AC  0|TAMS 0x0000000708800000, 0x0000000708800000|
| 137|0x0000000708900000, 0x0000000708900000, 0x0000000708a00000|  0%| F|  |TS  0|AC  0|TAMS 0x0000000708900000, 0x0000000708900000|
| 138|0x0000000708a00000, 0x0000000708a00000, 0x0000000708b00000|  0%| F|  |TS  0|AC  0|TAMS 0x0000000708a00000, 0x0000000708a00000|
| 139|0x0000000708b00000, 0x0000000708b00000, 0x0000000708c00000|  0%| F|  |TS  0|AC  0|TAMS 0x0000000708b00000, 0x0000000708b00000|
| 140|0x0000000708c00000, 0x0000000708c00000, 0x0000000708d00000|  0%| F|  |TS  0|AC  0|TAMS 0x0000000708c00000, 0x0000000708c00000|
| 141|0x0000000708d00000, 0x0000000708d00000, 0x0000000708e00000|  0%| F|  |TS  0|AC  0|TAMS 0x0000000708d00000, 0x0000000708d00000|
| 142|0x0000000708e00000, 0x0000000708e00000, 0x0000000708f00000|  0%| F|  |TS  0|AC  0|TAMS 0x0000000708e00000, 0x0000000708e00000|
| 143|0x0000000708f00000, 0x0000000708f00000, 0x0000000709000000|  0%| F|  |TS  0|AC  0|TAMS 0x0000000708f00000, 0x0000000708f00000|
| 144|0x0000000709000000, 0x0000000709000000, 0x0000000709100000|  0%| F|  |TS  0|AC  0|TAMS 0x0000000709000000, 0x0000000709000000|
| 145|0x0000000709100000, 0x0000000709100000, 0x0000000709200000|  0%| F|  |TS  0|AC  0|TAMS 0x0000000709100000, 0x0000000709100000|
| 146|0x0000000709200000, 0x0000000709200000, 0x0000000709300000|  0%| F|  |TS  0|AC  0|TAMS 0x0000000709200000, 0x0000000709200000|
| 147|0x0000000709300000, 0x0000000709300000, 0x0000000709400000|  0%| F|  |TS  0|AC  0|TAMS 0x0000000709300000, 0x0000000709300000|
| 148|0x0000000709400000, 0x0000000709400000, 0x0000000709500000|  0%| F|  |TS  0|AC  0|TAMS 0x0000000709400000, 0x0000000709400000|
| 149|0x0000000709500000, 0x0000000709500000, 0x0000000709600000|  0%| F|  |TS  0|AC  0|TAMS 0x0000000709500000, 0x0000000709500000|
| 150|0x0000000709600000, 0x0000000709600000, 0x0000000709700000|  0%| F|  |TS  0|AC  0|TAMS 0x0000000709600000, 0x0000000709600000|
| 151|0x0000000709700000, 0x0000000709700000, 0x0000000709800000|  0%| F|  |TS  0|AC  0|TAMS 0x0000000709700000, 0x0000000709700000|
| 152|0x0000000709800000, 0x0000000709800000, 0x0000000709900000|  0%| F|  |TS  0|AC  0|TAMS 0x0000000709800000, 0x0000000709800000|
| 153|0x0000000709900000, 0x0000000709900000, 0x0000000709a00000|  0%| F|  |TS  0|AC  0|TAMS 0x0000000709900000, 0x0000000709900000|
| 154|0x0000000709a00000, 0x0000000709a00000, 0x0000000709b00000|  0%| F|  |TS  0|AC  0|TAMS 0x0000000709a00000, 0x0000000709a00000|
| 155|0x0000000709b00000, 0x0000000709b00000, 0x0000000709c00000|  0%| F|  |TS 65|AC  0|TAMS 0x0000000709b00000, 0x0000000709b00000|
| 156|0x0000000709c00000, 0x0000000709cfadc0, 0x0000000709d00000| 97%| S|CS|TS 65|AC  0|TAMS 0x0000000709c00000, 0x0000000709c00000|
| 157|0x0000000709d00000, 0x0000000709e00000, 0x0000000709e00000|100%| S|CS|TS 65|AC  0|TAMS 0x0000000709d00000, 0x0000000709d00000|
| 158|0x0000000709e00000, 0x0000000709e00000, 0x0000000709f00000|  0%| F|  |TS 65|AC  0|TAMS 0x0000000709e00000, 0x0000000709e00000|
| 159|0x0000000709f00000, 0x0000000709f00000, 0x000000070a000000|  0%| F|  |TS 65|AC  0|TAMS 0x0000000709f00000, 0x0000000709f00000|
| 160|0x000000070a000000, 0x000000070a100000, 0x000000070a100000|100%| S|CS|TS 65|AC  0|TAMS 0x000000070a000000, 0x000000070a000000|
| 161|0x000000070a100000, 0x000000070a100000, 0x000000070a200000|  0%| F|  |TS 65|AC  0|TAMS 0x000000070a100000, 0x000000070a100000|
| 162|0x000000070a200000, 0x000000070a200000, 0x000000070a300000|  0%| F|  |TS 65|AC  0|TAMS 0x000000070a200000, 0x000000070a200000|
| 163|0x000000070a300000, 0x000000070a300000, 0x000000070a400000|  0%| F|  |TS 65|AC  0|TAMS 0x000000070a300000, 0x000000070a300000|
| 164|0x000000070a400000, 0x000000070a400000, 0x000000070a500000|  0%| F|  |TS 65|AC  0|TAMS 0x000000070a400000, 0x000000070a400000|
| 165|0x000000070a500000, 0x000000070a5cf160, 0x000000070a600000| 80%| E|  |TS 65|AC  0|TAMS 0x000000070a500000, 0x000000070a500000|
| 166|0x000000070a600000, 0x000000070a700000, 0x000000070a700000|100%| E|CS|TS 65|AC  0|TAMS 0x000000070a600000, 0x000000070a600000|
| 167|0x000000070a700000, 0x000000070a800000, 0x000000070a800000|100%| E|CS|TS 65|AC  0|TAMS 0x000000070a700000, 0x000000070a700000|
| 168|0x000000070a800000, 0x000000070a900000, 0x000000070a900000|100%| E|CS|TS 65|AC  0|TAMS 0x000000070a800000, 0x000000070a800000|
| 169|0x000000070a900000, 0x000000070aa00000, 0x000000070aa00000|100%| E|CS|TS 65|AC  0|TAMS 0x000000070a900000, 0x000000070a900000|
| 170|0x000000070aa00000, 0x000000070ab00000, 0x000000070ab00000|100%| E|CS|TS 65|AC  0|TAMS 0x000000070aa00000, 0x000000070aa00000|
| 171|0x000000070ab00000, 0x000000070ac00000, 0x000000070ac00000|100%| E|CS|TS 65|AC  0|TAMS 0x000000070ab00000, 0x000000070ab00000|
| 172|0x000000070ac00000, 0x000000070ad00000, 0x000000070ad00000|100%| E|CS|TS 65|AC  0|TAMS 0x000000070ac00000, 0x000000070ac00000|
| 173|0x000000070ad00000, 0x000000070ae00000, 0x000000070ae00000|100%| E|CS|TS 65|AC  0|TAMS 0x000000070ad00000, 0x000000070ad00000|
| 174|0x000000070ae00000, 0x000000070af00000, 0x000000070af00000|100%| E|CS|TS 65|AC  0|TAMS 0x000000070ae00000, 0x000000070ae00000|
| 175|0x000000070af00000, 0x000000070b000000, 0x000000070b000000|100%| E|CS|TS 65|AC  0|TAMS 0x000000070af00000, 0x000000070af00000|
| 176|0x000000070b000000, 0x000000070b100000, 0x000000070b100000|100%| E|CS|TS 65|AC  0|TAMS 0x000000070b000000, 0x000000070b000000|
| 177|0x000000070b100000, 0x000000070b200000, 0x000000070b200000|100%| E|CS|TS 65|AC  0|TAMS 0x000000070b100000, 0x000000070b100000|
| 178|0x000000070b200000, 0x000000070b300000, 0x000000070b300000|100%| E|CS|TS 65|AC  0|TAMS 0x000000070b200000, 0x000000070b200000|
| 179|0x000000070b300000, 0x000000070b400000, 0x000000070b400000|100%| E|CS|TS 65|AC  0|TAMS 0x000000070b300000, 0x000000070b300000|
| 180|0x000000070b400000, 0x000000070b500000, 0x000000070b500000|100%| E|CS|TS 65|AC  0|TAMS 0x000000070b400000, 0x000000070b400000|
| 181|0x000000070b500000, 0x000000070b600000, 0x000000070b600000|100%| E|CS|TS 65|AC  0|TAMS 0x000000070b500000, 0x000000070b500000|
| 182|0x000000070b600000, 0x000000070b700000, 0x000000070b700000|100%| E|CS|TS 65|AC  0|TAMS 0x000000070b600000, 0x000000070b600000|
| 183|0x000000070b700000, 0x000000070b800000, 0x000000070b800000|100%| E|CS|TS 65|AC  0|TAMS 0x000000070b700000, 0x000000070b700000|
| 184|0x000000070b800000, 0x000000070b900000, 0x000000070b900000|100%| E|CS|TS 65|AC  0|TAMS 0x000000070b800000, 0x000000070b800000|
| 185|0x000000070b900000, 0x000000070ba00000, 0x000000070ba00000|100%| E|CS|TS 65|AC  0|TAMS 0x000000070b900000, 0x000000070b900000|
| 186|0x000000070ba00000, 0x000000070bb00000, 0x000000070bb00000|100%| E|CS|TS 65|AC  0|TAMS 0x000000070ba00000, 0x000000070ba00000|
| 187|0x000000070bb00000, 0x000000070bc00000, 0x000000070bc00000|100%| E|CS|TS 65|AC  0|TAMS 0x000000070bb00000, 0x000000070bb00000|
| 188|0x000000070bc00000, 0x000000070bd00000, 0x000000070bd00000|100%| E|CS|TS 65|AC  0|TAMS 0x000000070bc00000, 0x000000070bc00000|
| 189|0x000000070bd00000, 0x000000070be00000, 0x000000070be00000|100%| E|CS|TS 65|AC  0|TAMS 0x000000070bd00000, 0x000000070bd00000|
| 190|0x000000070be00000, 0x000000070bf00000, 0x000000070bf00000|100%| E|CS|TS 65|AC  0|TAMS 0x000000070be00000, 0x000000070be00000|
| 191|0x000000070bf00000, 0x000000070c000000, 0x000000070c000000|100%| E|CS|TS 65|AC  0|TAMS 0x000000070bf00000, 0x000000070bf00000|
| 192|0x000000070c000000, 0x000000070c100000, 0x000000070c100000|100%| E|CS|TS 65|AC  0|TAMS 0x000000070c000000, 0x000000070c000000|
| 193|0x000000070c100000, 0x000000070c200000, 0x000000070c200000|100%| E|CS|TS 65|AC  0|TAMS 0x000000070c100000, 0x000000070c100000|
| 194|0x000000070c200000, 0x000000070c300000, 0x000000070c300000|100%| E|CS|TS 65|AC  0|TAMS 0x000000070c200000, 0x000000070c200000|
| 195|0x000000070c300000, 0x000000070c400000, 0x000000070c400000|100%| E|CS|TS 65|AC  0|TAMS 0x000000070c300000, 0x000000070c300000|
| 196|0x000000070c400000, 0x000000070c500000, 0x000000070c500000|100%| E|CS|TS 65|AC  0|TAMS 0x000000070c400000, 0x000000070c400000|
| 197|0x000000070c500000, 0x000000070c600000, 0x000000070c600000|100%| E|CS|TS 65|AC  0|TAMS 0x000000070c500000, 0x000000070c500000|
| 198|0x000000070c600000, 0x000000070c700000, 0x000000070c700000|100%| E|CS|TS 65|AC  0|TAMS 0x000000070c600000, 0x000000070c600000|
| 199|0x000000070c700000, 0x000000070c800000, 0x000000070c800000|100%| E|CS|TS 65|AC  0|TAMS 0x000000070c700000, 0x000000070c700000|
| 200|0x000000070c800000, 0x000000070c900000, 0x000000070c900000|100%| E|CS|TS 65|AC  0|TAMS 0x000000070c800000, 0x000000070c800000|
| 201|0x000000070c900000, 0x000000070ca00000, 0x000000070ca00000|100%| E|CS|TS 65|AC  0|TAMS 0x000000070c900000, 0x000000070c900000|
| 202|0x000000070ca00000, 0x000000070cb00000, 0x000000070cb00000|100%| E|CS|TS 65|AC  0|TAMS 0x000000070ca00000, 0x000000070ca00000|
| 203|0x000000070cb00000, 0x000000070cc00000, 0x000000070cc00000|100%| E|CS|TS 65|AC  0|TAMS 0x000000070cb00000, 0x000000070cb00000|
| 204|0x000000070cc00000, 0x000000070cd00000, 0x000000070cd00000|100%| E|CS|TS 65|AC  0|TAMS 0x000000070cc00000, 0x000000070cc00000|
| 205|0x000000070cd00000, 0x000000070ce00000, 0x000000070ce00000|100%| E|CS|TS 65|AC  0|TAMS 0x000000070cd00000, 0x000000070cd00000|
| 206|0x000000070ce00000, 0x000000070cf00000, 0x000000070cf00000|100%| E|CS|TS 65|AC  0|TAMS 0x000000070ce00000, 0x000000070ce00000|
| 207|0x000000070cf00000, 0x000000070d000000, 0x000000070d000000|100%| E|CS|TS 65|AC  0|TAMS 0x000000070cf00000, 0x000000070cf00000|
| 208|0x000000070d000000, 0x000000070d100000, 0x000000070d100000|100%| E|CS|TS 65|AC  0|TAMS 0x000000070d000000, 0x000000070d000000|
| 209|0x000000070d100000, 0x000000070d200000, 0x000000070d200000|100%| E|CS|TS 65|AC  0|TAMS 0x000000070d100000, 0x000000070d100000|
| 210|0x000000070d200000, 0x000000070d300000, 0x000000070d300000|100%| E|CS|TS 65|AC  0|TAMS 0x000000070d200000, 0x000000070d200000|
| 211|0x000000070d300000, 0x000000070d400000, 0x000000070d400000|100%| E|CS|TS 65|AC  0|TAMS 0x000000070d300000, 0x000000070d300000|
| 212|0x000000070d400000, 0x000000070d500000, 0x000000070d500000|100%| E|CS|TS 65|AC  0|TAMS 0x000000070d400000, 0x000000070d400000|
| 213|0x000000070d500000, 0x000000070d600000, 0x000000070d600000|100%| E|CS|TS 65|AC  0|TAMS 0x000000070d500000, 0x000000070d500000|
| 214|0x000000070d600000, 0x000000070d700000, 0x000000070d700000|100%| E|CS|TS 65|AC  0|TAMS 0x000000070d600000, 0x000000070d600000|
| 215|0x000000070d700000, 0x000000070d800000, 0x000000070d800000|100%| E|CS|TS 65|AC  0|TAMS 0x000000070d700000, 0x000000070d700000|
| 216|0x000000070d800000, 0x000000070d900000, 0x000000070d900000|100%| E|CS|TS 65|AC  0|TAMS 0x000000070d800000, 0x000000070d800000|
| 217|0x000000070d900000, 0x000000070da00000, 0x000000070da00000|100%| E|CS|TS 65|AC  0|TAMS 0x000000070d900000, 0x000000070d900000|

Card table byte_map: [0x000000000e040000,0x000000000e640000] byte_map_base: 0x000000000a840000

Marking Bits (Prev, Next): (CMBitMap*) 0x000000000c866800, (CMBitMap*) 0x000000000c866838
 Prev Bits: [0x0000000018db0000, 0x000000001bdb0000)
 Next Bits: [0x000000002d2f0000, 0x00000000302f0000)

Polling page: 0x0000000000340000

CodeHeap 'non-profiled nmethods': size=120064Kb used=24227Kb max_used=24227Kb free=95836Kb
 bounds [0x0000000025db0000, 0x0000000027560000, 0x000000002d2f0000]
CodeHeap 'profiled nmethods': size=120000Kb used=48555Kb max_used=48826Kb free=71444Kb
 bounds [0x000000001e880000, 0x00000000218b0000, 0x0000000025db0000]
CodeHeap 'non-nmethods': size=5696Kb used=1803Kb max_used=1869Kb free=3892Kb
 bounds [0x000000001e2f0000, 0x000000001e560000, 0x000000001e880000]
 total_blobs=34758 nmethods=19147 adapters=1164
 compilation: enabled

Compilation events (10 events):
Event: 1627.092 Thread 0x000000000ca89800 23870       1       ui.views.n.q::fNL (5 bytes)
Event: 1627.093 Thread 0x000000000ca89800 nmethod 23870 0x000000002755a510 code [0x000000002755a6c0, 0x000000002755a7d0]
Event: 1627.094 Thread 0x000000000ca89800 23871       3       java.awt.Container::getPreferredSize (5 bytes)
Event: 1627.095 Thread 0x000000000ca89800 nmethod 23871 0x00000000202f5610 code [0x00000000202f57c0, 0x00000000202f59c8]
Event: 1627.096 Thread 0x000000000ca88800 23872       4       javax.swing.plaf.basic.BasicProgressBarUI::getBoxLength (11 bytes)
Event: 1627.097 Thread 0x000000000ca88800 nmethod 23872 0x000000002755a890 code [0x000000002755aa40, 0x000000002755ab38]
Event: 1627.113 Thread 0x000000000b70b000 23873       4       com.jidesoft.swing.JideBoxLayout::maximumLayoutSize (12 bytes)
Event: 1627.113 Thread 0x000000000b70b000 nmethod 23873 0x000000002755ab90 code [0x000000002755ad20, 0x000000002755adf8]
Event: 1627.394 Thread 0x000000000b70b000 23874       4       javax.swing.plaf.synth.SynthProgressBarUI::getBox (22 bytes)
Event: 1627.405 Thread 0x000000000b70b000 nmethod 23874 0x000000002755ae90 code [0x000000002755b0e0, 0x000000002755bb38]

GC Heap History (10 events):
Event: 1596.472 GC heap before
{Heap before GC invocations=568 (full 287):
 garbage-first heap   total 223232K, used 131610K [0x0000000700000000, 0x00000007001006d0, 0x00000007c0000000)
  region size 1024K, 60 young (61440K), 2 survivors (2048K)
 Metaspace       used 88869K, capacity 95533K, committed 95688K, reserved 1132544K
  class space    used 11984K, capacity 13137K, committed 13256K, reserved 1048576K
}
Event: 1596.509 GC heap after
{Heap after GC invocations=569 (full 287):
 garbage-first heap   total 223232K, used 72211K [0x0000000700000000, 0x00000007001006d0, 0x00000007c0000000)
  region size 1024K, 2 young (2048K), 2 survivors (2048K)
 Metaspace       used 88869K, capacity 95533K, committed 95688K, reserved 1132544K
  class space    used 11984K, capacity 13137K, committed 13256K, reserved 1048576K
}
Event: 1600.617 GC heap before
{Heap before GC invocations=569 (full 287):
 garbage-first heap   total 223232K, used 131603K [0x0000000700000000, 0x00000007001006d0, 0x00000007c0000000)
  region size 1024K, 60 young (61440K), 2 survivors (2048K)
 Metaspace       used 88994K, capacity 95629K, committed 95944K, reserved 1132544K
  class space    used 12010K, capacity 13169K, committed 13256K, reserved 1048576K
}
Event: 1600.621 GC heap after
{Heap after GC invocations=570 (full 287):
 garbage-first heap   total 223232K, used 73074K [0x0000000700000000, 0x00000007001006d0, 0x00000007c0000000)
  region size 1024K, 3 young (3072K), 3 survivors (3072K)
 Metaspace       used 88994K, capacity 95629K, committed 95944K, reserved 1132544K
  class space    used 12010K, capacity 13169K, committed 13256K, reserved 1048576K
}
Event: 1603.229 GC heap before
{Heap before GC invocations=570 (full 287):
 garbage-first heap   total 223232K, used 131442K [0x0000000700000000, 0x00000007001006d0, 0x00000007c0000000)
  region size 1024K, 60 young (61440K), 3 survivors (3072K)
 Metaspace       used 88999K, capacity 95629K, committed 95944K, reserved 1132544K
  class space    used 12010K, capacity 13169K, committed 13256K, reserved 1048576K
}
Event: 1603.233 GC heap after
{Heap after GC invocations=571 (full 287):
 garbage-first heap   total 223232K, used 72814K [0x0000000700000000, 0x00000007001006d0, 0x00000007c0000000)
  region size 1024K, 3 young (3072K), 3 survivors (3072K)
 Metaspace       used 88999K, capacity 95629K, committed 95944K, reserved 1132544K
  class space    used 12010K, capacity 13169K, committed 13256K, reserved 1048576K
}
Event: 1626.239 GC heap before
{Heap before GC invocations=571 (full 287):
 garbage-first heap   total 223232K, used 131182K [0x0000000700000000, 0x00000007001006d0, 0x00000007c0000000)
  region size 1024K, 60 young (61440K), 3 survivors (3072K)
 Metaspace       used 89017K, capacity 95635K, committed 95944K, reserved 1132544K
  class space    used 12011K, capacity 13170K, committed 13256K, reserved 1048576K
}
Event: 1626.243 GC heap after
{Heap after GC invocations=572 (full 287):
 garbage-first heap   total 223232K, used 73183K [0x0000000700000000, 0x00000007001006d0, 0x00000007c0000000)
  region size 1024K, 3 young (3072K), 3 survivors (3072K)
 Metaspace       used 89017K, capacity 95635K, committed 95944K, reserved 1132544K
  class space    used 12011K, capacity 13170K, committed 13256K, reserved 1048576K
}
Event: 1626.724 GC heap before
{Heap before GC invocations=572 (full 287):
 garbage-first heap   total 223232K, used 131551K [0x0000000700000000, 0x00000007001006d0, 0x00000007c0000000)
  region size 1024K, 60 young (61440K), 3 survivors (3072K)
 Metaspace       used 89037K, capacity 95635K, committed 95944K, reserved 1132544K
  class space    used 12011K, capacity 13170K, committed 13256K, reserved 1048576K
}
Event: 1626.728 GC heap after
{Heap after GC invocations=573 (full 287):
 garbage-first heap   total 223232K, used 73353K [0x0000000700000000, 0x00000007001006d0, 0x00000007c0000000)
  region size 1024K, 3 young (3072K), 3 survivors (3072K)
 Metaspace       used 89037K, capacity 95635K, committed 95944K, reserved 1132544K
  class space    used 12011K, capacity 13170K, committed 13256K, reserved 1048576K
}

Deoptimization events (10 events):
Event: 1600.539 Thread 0x0000000032283000 Uncommon trap: reason=class_check action=maybe_recompile pc=0x0000000027413994 method=ui.views.cZ.handleEvent(Lui/frmwork/b/a;)V @ 171 c2
Event: 1600.701 Thread 0x0000000032283000 Uncommon trap: reason=class_check action=maybe_recompile pc=0x00000000270a0c4c method=ui.utils.lnf.HSyntheticaJideTabbedPaneUI.showFocusIndicator()Z @ 24 c2
Event: 1601.027 Thread 0x0000000032283000 Uncommon trap: reason=unstable_if action=reinterpret pc=0x00000000271c8278 method=ui.views.d.w.paintComponent(Ljava/awt/Graphics;)V @ 396 c2
Event: 1610.944 Thread 0x0000000032283000 Uncommon trap: reason=unstable_if action=reinterpret pc=0x000000002742fca8 method=java.awt.KeyboardFocusManager.getKeyEventDispatchers()Ljava/util/List; @ 4 c2
Event: 1622.152 Thread 0x0000000032283000 Uncommon trap: reason=unstable_if action=reinterpret pc=0x00000000271c2764 method=ui.views.p.g.handleEvent(Lui/frmwork/b/a;)V @ 118 c2
Event: 1626.656 Thread 0x0000000032283000 Uncommon trap: reason=class_check action=maybe_recompile pc=0x0000000026d34fac method=ui.views.V.P.handleEvent(Lui/frmwork/b/a;)V @ 30 c2
Event: 1626.656 Thread 0x0000000032283000 Uncommon trap: reason=class_check action=maybe_recompile pc=0x0000000027413994 method=ui.views.cZ.handleEvent(Lui/frmwork/b/a;)V @ 171 c2
Event: 1626.691 Thread 0x0000000032283000 Uncommon trap: reason=class_check action=maybe_recompile pc=0x000000002680c7e0 method=javax.swing.tree.VariableHeightLayoutCache.getNodeForPath(Ljavax/swing/tree/TreePath;ZZ)Ljavax/swing/tree/VariableHeightLayoutCache$TreeStateNode; @ 140 c2
Event: 1626.693 Thread 0x0000000032283000 Uncommon trap: reason=class_check action=maybe_recompile pc=0x0000000026d34fac method=ui.views.V.P.handleEvent(Lui/frmwork/b/a;)V @ 30 c2
Event: 1626.693 Thread 0x0000000032283000 Uncommon trap: reason=class_check action=maybe_recompile pc=0x0000000027413994 method=ui.views.cZ.handleEvent(Lui/frmwork/b/a;)V @ 171 c2

Classes redefined (0 events):
No events

Internal exceptions (10 events):
Event: 327.501 Thread 0x0000000032283000 Exception <a 'java/lang/NoSuchMethodError'{0x000000070c4989e0}: method resolution failed> (0x000000070c4989e0) thrown at [t:/workspace/hotspot/src/share/vm/prims/methodHandles.cpp, line 1256]
Event: 397.938 Thread 0x0000000032283000 Implicit null exception at 0x0000000026ef8131 to 0x0000000026ef8c89
Event: 477.863 Thread 0x0000000032283000 Implicit null exception at 0x00000000265b011f to 0x00000000265b7961
Event: 1260.886 Thread 0x0000000032283000 Exception <a 'java/awt/IllegalComponentStateException'{0x000000070caaa698}> (0x000000070caaa698) thrown at [t:/workspace/hotspot/src/share/vm/prims/jvm.cpp, line 1314]
Event: 1322.196 Thread 0x0000000032283000 Exception <a 'java/awt/IllegalComponentStateException'{0x000000070ca42078}> (0x000000070ca42078) thrown at [t:/workspace/hotspot/src/share/vm/prims/jvm.cpp, line 1314]
Event: 1568.023 Thread 0x0000000032283000 Implicit null exception at 0x00000000270e42b1 to 0x00000000270e6fbd
Event: 1568.250 Thread 0x0000000032283000 Implicit null exception at 0x0000000026ee9ad0 to 0x0000000026ee9b15
Event: 1568.396 Thread 0x0000000032283000 Implicit null exception at 0x000000002748e754 to 0x0000000027490525
Event: 1568.396 Thread 0x0000000032283000 Implicit null exception at 0x00000000269e1810 to 0x00000000269e1874
Event: 1622.141 Thread 0x000000003295a800 Exception <a 'java/lang/InterruptedException'{0x000000070b0b8f00}: sleep interrupted> (0x000000070b0b8f00) thrown at [t:/workspace/hotspot/src/share/vm/prims/jvm.cpp, line 3023]

Events (10 events):
Event: 1627.090 Executing VM operation: RevokeBias
Event: 1627.092 Executing VM operation: RevokeBias done
Event: 1627.093 Executing VM operation: RevokeBias
Event: 1627.093 Executing VM operation: RevokeBias done
Event: 1627.098 Executing VM operation: BulkRevokeBias
Event: 1627.099 Executing VM operation: BulkRevokeBias done
Event: 1627.238 Thread 0x000000004517a800 Thread added: 0x000000004517a800
Event: 1627.240 Thread 0x000000004517a800 Thread exited: 0x000000004517a800
Event: 1628.238 Thread 0x000000004517a800 Thread added: 0x000000004517a800
Event: 1628.261 Thread 0x000000004517a800 Thread exited: 0x000000004517a800


Dynamic libraries:
0x000000013f040000 - 0x000000013f070000 	C:\Xilinx\Vivado\2019.2\bin\unwrapped\win64.o\vivado.exe
0x0000000076d20000 - 0x0000000076eca000 	C:\Windows\SYSTEM32\ntdll.dll
0x0000000076c00000 - 0x0000000076d1f000 	C:\Windows\system32\kernel32.dll
0x000007fefcae0000 - 0x000007fefcb4a000 	C:\Windows\system32\KERNELBASE.dll
0x000007fefb9e0000 - 0x000007fefb9f4000 	C:\Xilinx\Vivado\2019.2\lib\win64.o\libboost_signals.dll
0x000007fef7580000 - 0x000007fef761d000 	C:\Windows\system32\MSVCP140.dll
0x000007fef9f80000 - 0x000007fef9f97000 	C:\Windows\system32\VCRUNTIME140.dll
0x000007fef9f70000 - 0x000007fef9f74000 	C:\Windows\system32\api-ms-win-crt-runtime-l1-1-0.dll
0x000007fef9e70000 - 0x000007fef9f64000 	C:\Windows\system32\ucrtbase.DLL
0x000007fef9e60000 - 0x000007fef9e63000 	C:\Windows\system32\api-ms-win-core-timezone-l1-1-0.dll
0x000007fef9e50000 - 0x000007fef9e53000 	C:\Windows\system32\api-ms-win-core-file-l2-1-0.dll
0x000007fef9e40000 - 0x000007fef9e43000 	C:\Windows\system32\api-ms-win-core-localization-l1-2-0.dll
0x000007fef9e20000 - 0x000007fef9e23000 	C:\Windows\system32\api-ms-win-core-synch-l1-2-0.dll
0x000007fef9e30000 - 0x000007fef9e33000 	C:\Windows\system32\api-ms-win-core-processthreads-l1-1-1.dll
0x000007fef9d50000 - 0x000007fef9d53000 	C:\Windows\system32\api-ms-win-core-file-l1-2-0.dll
0x000007fef9d40000 - 0x000007fef9d44000 	C:\Windows\system32\api-ms-win-crt-string-l1-1-0.dll
0x000007fef9d30000 - 0x000007fef9d33000 	C:\Windows\system32\api-ms-win-crt-heap-l1-1-0.dll
0x000007fef9d20000 - 0x000007fef9d24000 	C:\Windows\system32\api-ms-win-crt-stdio-l1-1-0.dll
0x000007fef9d10000 - 0x000007fef9d14000 	C:\Windows\system32\api-ms-win-crt-convert-l1-1-0.dll
0x000007fef7e80000 - 0x000007fef7e83000 	C:\Windows\system32\api-ms-win-crt-locale-l1-1-0.dll
0x000007fef7e70000 - 0x000007fef7e75000 	C:\Windows\system32\api-ms-win-crt-math-l1-1-0.dll
0x000007fef7e60000 - 0x000007fef7e65000 	C:\Windows\system32\api-ms-win-crt-multibyte-l1-1-0.dll
0x000007fef7570000 - 0x000007fef7573000 	C:\Windows\system32\api-ms-win-crt-time-l1-1-0.dll
0x000007fef7560000 - 0x000007fef7563000 	C:\Windows\system32\api-ms-win-crt-filesystem-l1-1-0.dll
0x000007fef7550000 - 0x000007fef7553000 	C:\Windows\system32\api-ms-win-crt-environment-l1-1-0.dll
0x000007fef7540000 - 0x000007fef7543000 	C:\Windows\system32\api-ms-win-crt-utility-l1-1-0.dll
0x000007fedc8d0000 - 0x000007fedd813000 	C:\Xilinx\Vivado\2019.2\lib\win64.o\librdi_common.dll
0x000007fee27b0000 - 0x000007fee2b1e000 	C:\Xilinx\Vivado\2019.2\lib\win64.o\libCOIN-all.dll
0x000007fef80c0000 - 0x000007fef80d4000 	C:\Xilinx\Vivado\2019.2\lib\win64.o\libboost_date_time.dll
0x000007fef8090000 - 0x000007fef80b6000 	C:\Xilinx\Vivado\2019.2\lib\win64.o\libboost_filesystem.dll
0x000007fefba10000 - 0x000007fefba1b000 	C:\Xilinx\Vivado\2019.2\lib\win64.o\libboost_system.dll
0x000007fefdc00000 - 0x000007fefdcdb000 	C:\Windows\system32\ADVAPI32.dll
0x000007fefd600000 - 0x000007fefd69f000 	C:\Windows\system32\msvcrt.dll
0x000007feff010000 - 0x000007feff02f000 	C:\Windows\SYSTEM32\sechost.dll
0x000007fefd6a0000 - 0x000007fefd7cd000 	C:\Windows\system32\RPCRT4.dll
0x000007fee2730000 - 0x000007fee27af000 	C:\Xilinx\Vivado\2019.2\lib\win64.o\libboost_program_options.dll
0x000007fee2050000 - 0x000007fee2164000 	C:\Xilinx\Vivado\2019.2\lib\win64.o\libboost_regex.dll
0x0000000076b00000 - 0x0000000076bfa000 	C:\Windows\system32\USER32.dll
0x000007fefe080000 - 0x000007fefe0e7000 	C:\Windows\system32\GDI32.dll
0x000007fefd5f0000 - 0x000007fefd5fe000 	C:\Windows\system32\LPK.dll
0x000007fefd430000 - 0x000007fefd4fa000 	C:\Windows\system32\USP10.dll
0x000007fef8060000 - 0x000007fef8081000 	C:\Xilinx\Vivado\2019.2\lib\win64.o\libboost_thread.dll
0x000007fefaac0000 - 0x000007fefaacd000 	C:\Xilinx\Vivado\2019.2\lib\win64.o\libboost_chrono.dll
0x000007fef8ab0000 - 0x000007fef8abf000 	C:\Xilinx\Vivado\2019.2\lib\win64.o\libboost_xilinx.dll
0x000007fee2630000 - 0x000007fee26b2000 	C:\Xilinx\Vivado\2019.2\lib\win64.o\libhdlpsolve.dll
0x000007fee1fa0000 - 0x000007fee2045000 	C:\Xilinx\Vivado\2019.2\lib\win64.o\libhdxml.dll
0x000007fedbcd0000 - 0x000007fedc8cc200 	C:\Xilinx\Vivado\2019.2\lib\win64.o\libisl_iostreams.dll
0x000007fef7fd0000 - 0x000007fef7feb000 	C:\Xilinx\Vivado\2019.2\lib\win64.o\libboost_iostreams.dll
0x000007fef7fa0000 - 0x000007fef7fc1000 	C:\Xilinx\Vivado\2019.2\lib\win64.o\librdizlib.dll
0x000007fef7f00000 - 0x000007fef7f25000 	C:\Xilinx\Vivado\2019.2\lib\win64.o\libisl_iosutils.dll
0x000007fef7ee0000 - 0x000007fef7efa000 	C:\Xilinx\Vivado\2019.2\lib\win64.o\pthreadVC2.dll
0x000007fef7530000 - 0x000007fef7539000 	C:\Windows\system32\WSOCK32.dll
0x000007fefd500000 - 0x000007fefd54d000 	C:\Windows\system32\WS2_32.dll
0x000007fefde90000 - 0x000007fefde98000 	C:\Windows\system32\NSI.dll
0x000007fefc3a0000 - 0x000007fefc3c2000 	C:\Windows\system32\bcrypt.dll
0x000007fef7b80000 - 0x000007fef7bae000 	C:\Xilinx\Vivado\2019.2\lib\win64.o\libisl_sysinfo.dll
0x000007fef5d50000 - 0x000007fef5db5000 	C:\Xilinx\Vivado\2019.2\lib\win64.o\liblmx6.0.dll
0x000007fee1df0000 - 0x000007fee1f91000 	C:\Xilinx\Vivado\2019.2\lib\win64.o\librdi_commonxillic.dll
0x000007fee0960000 - 0x000007fee0c3b000 	C:\Xilinx\Vivado\2019.2\lib\win64.o\libXil_lmgr11.dll
0x000007fefa750000 - 0x000007fefa766000 	C:\Windows\system32\NETAPI32.dll
0x000007fefbe80000 - 0x000007fefbe8c000 	C:\Windows\system32\netutils.dll
0x000007fefc4d0000 - 0x000007fefc4f3000 	C:\Windows\system32\srvcli.dll
0x000007fefa6f0000 - 0x000007fefa705000 	C:\Windows\system32\wkscli.dll
0x000007fefd550000 - 0x000007fefd5e7000 	C:\Windows\system32\COMDLG32.dll
0x000007fefce10000 - 0x000007fefce81000 	C:\Windows\system32\SHLWAPI.dll
0x000007feeb1b0000 - 0x000007feeb250000 	C:\Windows\WinSxS\amd64_microsoft.windows.common-controls_6595b64144ccf1df_5.82.7601.18837_none_a4d981ff711297b6\COMCTL32.dll
0x000007fefe0f0000 - 0x000007fefee7a000 	C:\Windows\system32\SHELL32.dll
0x000007fefdaa0000 - 0x000007fefdb7a000 	C:\Windows\system32\OLEAUT32.dll
0x000007fefce90000 - 0x000007fefd093000 	C:\Windows\system32\ole32.dll
0x000007fefa410000 - 0x000007fefa428000 	C:\Windows\system32\dhcpcsvc.DLL
0x000007fef7f90000 - 0x000007fef7f93000 	C:\Windows\system32\api-ms-win-crt-conio-l1-1-0.dll
0x000007fefcda0000 - 0x000007fefcddb000 	C:\Windows\system32\WINTRUST.dll
0x000007fefcc20000 - 0x000007fefcd8d000 	C:\Windows\system32\CRYPT32.dll
0x000007fefca50000 - 0x000007fefca5f000 	C:\Windows\system32\MSASN1.dll
0x000007fef7ec0000 - 0x000007fef7edc000 	C:\Xilinx\Vivado\2019.2\lib\win64.o\librdiconfig.dll
0x0000000072530000 - 0x000000007265b000 	C:\Xilinx\Vivado\2019.2\lib\win64.o\tcl85t.dll
0x0000000012000000 - 0x0000000012270000 	C:\Xilinx\Vivado\2019.2\lib\win64.o\xerces-c_3_1.dll
0x000007fefd0a0000 - 0x000007fefd372000 	C:\Windows\system32\WININET.dll
0x000007fefcad0000 - 0x000007fefcad4000 	C:\Windows\system32\api-ms-win-downlevel-user32-l1-1-0.dll
0x000007fefca70000 - 0x000007fefca74000 	C:\Windows\system32\api-ms-win-downlevel-shlwapi-l1-1-0.dll
0x000007fefcde0000 - 0x000007fefcde4000 	C:\Windows\system32\api-ms-win-downlevel-version-l1-1-0.dll
0x000007fefbb30000 - 0x000007fefbb3c000 	C:\Windows\system32\version.DLL
0x000007fefca80000 - 0x000007fefca83000 	C:\Windows\system32\api-ms-win-downlevel-normaliz-l1-1-0.dll
0x0000000076ee0000 - 0x0000000076ee3000 	C:\Windows\system32\normaliz.DLL
0x000007fefd7d0000 - 0x000007fefda99000 	C:\Windows\system32\iertutil.dll
0x000007fefcd90000 - 0x000007fefcd95000 	C:\Windows\system32\api-ms-win-downlevel-advapi32-l1-1-0.dll
0x000007fefcb50000 - 0x000007fefcb6f000 	C:\Windows\system32\USERENV.dll
0x000007fefca60000 - 0x000007fefca6f000 	C:\Windows\system32\profapi.dll
0x000007fef97c0000 - 0x000007fef9831000 	C:\Windows\system32\WINHTTP.dll
0x000007fef9750000 - 0x000007fef97b5000 	C:\Windows\system32\webio.dll
0x000007fefee80000 - 0x000007feff006000 	C:\Windows\system32\urlmon.dll
0x000007fefcc10000 - 0x000007fefcc14000 	C:\Windows\system32\api-ms-win-downlevel-ole32-l1-1-0.dll
0x000007fedae30000 - 0x000007fedbcc1000 	C:\Xilinx\Vivado\2019.2\lib\win64.o\gurobi65.dll
0x000007fef7b50000 - 0x000007fef7b7e000 	C:\Windows\system32\VCOMP140.DLL
0x000007fef6340000 - 0x000007fef6356000 	C:\Xilinx\Vivado\2019.2\lib\win64.o\librdi_commonmain.dll
0x000007fef7ac0000 - 0x000007fef7aca000 	C:\Xilinx\Vivado\2019.2\lib\win64.o\librdi_commonversion.dll
0x000007fefd400000 - 0x000007fefd42e000 	C:\Windows\system32\IMM32.DLL
0x000007fefdce0000 - 0x000007fefdde9000 	C:\Windows\system32\MSCTF.dll
0x000007fee0440000 - 0x000007fee0957000 	C:\Xilinx\Vivado\2019.2\lib\win64.o\librdi_commontasks.dll
0x0000000064fd0000 - 0x00000000659f5000 	C:\Xilinx\Vivado\2019.2\tps\win64\jre9.0.4\bin\server\jvm.dll
0x000007fef8200000 - 0x000007fef823b000 	C:\Windows\system32\WINMM.dll
0x0000000076ef0000 - 0x0000000076ef7000 	C:\Windows\system32\PSAPI.DLL
0x000007fef7000000 - 0x000007fef70ef000 	C:\Windows\system32\MSVCR120.dll
0x000007fedf060000 - 0x000007fedf343000 	C:\Xilinx\Vivado\2019.2\lib\win64.o\librdi_sio.dll
0x000007fefa5a0000 - 0x000007fefa5c7000 	C:\Windows\system32\IPHLPAPI.DLL
0x000007fefa590000 - 0x000007fefa59b000 	C:\Windows\system32\WINNSI.DLL
0x000007fefc1f0000 - 0x000007fefc245000 	C:\Windows\system32\MSWSOCK.DLL
0x000007fed86e0000 - 0x000007fedae25000 	C:\Xilinx\Vivado\2019.2\lib\win64.o\librdi_tcltasks.dll
0x000007feddf00000 - 0x000007fede3b4000 	C:\Xilinx\Vivado\2019.2\lib\win64.o\librdi_bitstream.dll
0x000007fec3b30000 - 0x000007fed86db000 	C:\Xilinx\Vivado\2019.2\lib\win64.o\librdi_device.dll
0x000007fee1da0000 - 0x000007fee1dec000 	C:\Xilinx\Vivado\2019.2\lib\win64.o\libboost_serialization.dll
0x000007fec2fe0000 - 0x000007fec3b27000 	C:\Xilinx\Vivado\2019.2\lib\win64.o\libverific.dll
0x000007fee1410000 - 0x000007fee15ad000 	C:\Xilinx\Vivado\2019.2\lib\win64.o\librdi_board.dll
0x000007fee1d20000 - 0x000007fee1d9b000 	C:\Xilinx\Vivado\2019.2\lib\win64.o\librdi_boarddep.dll
0x000007fedf920000 - 0x000007fedfa72000 	C:\Xilinx\Vivado\2019.2\lib\win64.o\librdi_cd_client.dll
0x000007fedf680000 - 0x000007fedf820000 	C:\Xilinx\Vivado\2019.2\lib\win64.o\librdi_cd_protocol.dll
0x000007fee1320000 - 0x000007fee140f000 	C:\Xilinx\Vivado\2019.2\lib\win64.o\librdi_chipscope.dll
0x000007fedeeb0000 - 0x000007fedf051000 	C:\Xilinx\Vivado\2019.2\lib\win64.o\librdi_advchipscopeimpl.dll
0x000007fec1500000 - 0x000007fec2fda000 	C:\Xilinx\Vivado\2019.2\lib\win64.o\librdi_constraints.dll
0x000007fedd890000 - 0x000007feddefb000 	C:\Xilinx\Vivado\2019.2\lib\win64.o\librdi_filemgmt.dll
0x000007fede7b0000 - 0x000007fede9d0000 	C:\Xilinx\Vivado\2019.2\lib\win64.o\librdi_hip_devdesign.dll
0x000007fede6d0000 - 0x000007fede7a7000 	C:\Xilinx\Vivado\2019.2\lib\win64.o\librdi_ipconfig_readwrite.dll
0x000007fec0e10000 - 0x000007fec14f3000 	C:\Xilinx\Vivado\2019.2\lib\win64.o\librdi_netlist.dll
0x000007fee1c90000 - 0x000007fee1d18000 	C:\Xilinx\Vivado\2019.2\lib\win64.o\librdi_meir_core.dll
0x000007fee19c0000 - 0x000007fee1a0a000 	C:\Xilinx\Vivado\2019.2\lib\win64.o\librdi_noc_frameworks.dll
0x000007fec0c20000 - 0x000007fec0e04000 	C:\Xilinx\Vivado\2019.2\lib\win64.o\librdi_hip_config.dll
0x000007fec0680000 - 0x000007fec0c1d000 	C:\Xilinx\Vivado\2019.2\lib\win64.o\librdi_ippcw.dll
0x000007fec04c0000 - 0x000007fec067b000 	C:\Xilinx\Vivado\2019.2\lib\win64.o\librdi_hip_noc_tools.dll

VM Arguments:
jvm_args: -Dsun.java2d.pmoffscreen=false -Dsun.java2d.xrender=false -Dsun.java2d.d3d=false -Dsun.awt.nopixfmt=true -Dsun.java2d.dpiaware=true -Dsun.java2d.uiScale.enabled=false -Xverify:none -Dswing.aatext=true -XX:-UsePerfData -Djdk.map.althashing.threshold=512 -XX:StringTableSize=4072 --add-opens=java.base/java.nio=ALL-UNNAMED --add-opens=java.desktop/sun.swing=ALL-UNNAMED --add-opens=java.desktop/javax.swing=ALL-UNNAMED --add-opens=java.desktop/javax.swing.tree=ALL-UNNAMED --add-opens=java.desktop/javax.swing.plaf.basic=ALL-UNNAMED --add-opens=java.desktop/javax.swing.plaf.synth=ALL-UNNAMED --add-opens=java.desktop/com.sun.awt=ALL-UNNAMED -XX:NewSize=60m -XX:MaxNewSize=60m -Xms128m -Xmx3072m -Xss5m 
java_command: <unknown>
java_class_path (initial): C:/Xilinx/Vivado/2019.2\lib\classes\alloy.jar;C:/Xilinx/Vivado/2019.2\lib\classes\autoesl-common.jar;C:/Xilinx/Vivado/2019.2\lib\classes\autoesl-models.jar;C:/Xilinx/Vivado/2019.2\lib\classes\autoesl-report.jar;C:/Xilinx/Vivado/2019.2\lib\classes\autopilot.scelaborator.jar;C:/Xilinx/Vivado/2019.2\lib\classes\autopilot.sourceprocessor.jar;C:/Xilinx/Vivado/2019.2\lib\classes\autopilot.tbprocessor.jar;C:/Xilinx/Vivado/2019.2\lib\classes\batik-anim.jar;C:/Xilinx/Vivado/2019.2\lib\classes\batik-awt-util.jar;C:/Xilinx/Vivado/2019.2\lib\classes\batik-bridge.jar;C:/Xilinx/Vivado/2019.2\lib\classes\batik-codec.jar;C:/Xilinx/Vivado/2019.2\lib\classes\batik-css.jar;C:/Xilinx/Vivado/2019.2\lib\classes\batik-dom.jar;C:/Xilinx/Vivado/2019.2\lib\classes\batik-ext.jar;C:/Xilinx/Vivado/2019.2\lib\classes\batik-gui-util.jar;C:/Xilinx/Vivado/2019.2\lib\classes\batik-gvt.jar;C:/Xilinx/Vivado/2019.2\lib\classes\batik-parser.jar;C:/Xilinx/Vivado/2019.2\lib\classes\batik-script.jar;C:/Xilinx/Vivado/2019.2\lib\classes\batik-svg-dom.jar;C:/Xilinx/Vivado/2019.2\lib\classes\batik-swing.jar;C:/Xilinx/Vivado/2019.2\lib\classes\batik-transcoder.jar;C:/Xilinx/Vivado/2019.2\lib\classes\batik-util.jar;C:/Xilinx/Vivado/2019.2\lib\classes\batik-xml.jar;C:/Xilinx/Vivado/2019.2\lib\classes\com.google.gson_2.7.0.v20170129-0911.jar;C:/Xilinx/Vivado/2019.2\lib\classes\com.google.guava_21.0.0.v20170206-1425.jar;C:/Xilinx/Vivado/2019.2\lib\classes\com.ibm.icu_4.4.2.v20110208.jar;C:/Xilinx/Vivado/2019.2\lib\classes\com.sigasi.hdt.connection_4.5.0.201909241521.jar;C:/Xilinx/Vivado/2019.2\lib\classes\com.sigasi.hdt.epl_4.5.0.201909241521.jar;C:/Xilinx/Vivado/2019.2\lib\classes\com.sigasi.hdt.project_4.5.0.201909241521.jar;C:/Xilinx/Vivado/2019.2\lib\classes\com.sigasi.hdt.readonlyfilesystem_4.5.0.201909241521.jar;C:/Xilinx/Vivado/2019.2\lib\classes\com.sigasi.lcm_4.5.0.201909241521.jar;C:/Xilinx/Vivado/2019.2\lib\classes\com.sigasi.sdk.client_4.5.0.201909241521.jar;C:/Xilinx/Vivado
Launcher Type: generic

Logging:
Log output configuration:
#0: stdout all=warning uptime,level,tags
#1: stderr all=off uptime,level,tags

Environment Variables:
PATH=C:/Xilinx/Vivado/2019.2\gnuwin\bin;C:/Xilinx/Vivado/2019.2\gnu\microblaze\nt\bin;C:/Xilinx/Vivado/2019.2/bin;C:/Xilinx/Vivado/2019.2/lib/win64.o;C:/Xilinx/Vivado/2019.2/tps/win64/jre9.0.4/bin/server;C:/Xilinx/Vivado/2019.2/tps/win64/jre9.0.4/bin;C:/Xilinx/Vivado/2019.2/ids_lite/ISE/bin/nt64;C:/Xilinx/Vivado/2019.2/ids_lite/ISE/lib/nt64;C:\Program Files (x86)\Python35-32\Scripts\;C:\Program Files (x86)\Python35-32\;C:\Program Files (x86)\Intel\iCLS Client\;C:\Program Files\Intel\iCLS Client\;C:\Windows\system32;C:\Windows;C:\Windows\System32\Wbem;C:\Windows\System32\WindowsPowerShell\v1.0\;C:\Program Files (x86)\Intel\Intel(R) Management Engine Components\DAL;C:\Program Files\Intel\Intel(R) Management Engine Components\DAL;C:\Program Files (x86)\Intel\Intel(R) Management Engine Components\IPT;C:\Program Files\Intel\Intel(R) Management Engine Components\IPT;C:\Program Files (x86)\IVI Foundation\IVI\bin;C:\Program Files\IVI Foundation\IVI\bin;C:\Program Files (x86)\IVI Foundation\VISA\WinNT\Bin\;C:\Program Files\IVI Foundation\VISA\Win64\Bin\;C:\Windows\system32\config\systemprofile\.dnx\bin;C:\Program Files\Microsoft DNX\Dnvm\;C:\Program Files (x86)\Windows Kits\8.1\Windows Performance Toolkit\;C:\Program Files\Microsoft SQL Server\120\Tools\Binn\;C:\Program Files\Microsoft SQL Server\130\Tools\Binn\;C:\Program Files\Git\cmd;C:\Program Files (x86)\WinSCP\;C:\Program Files (x86)\Google\Chrome\Application;C:\Program Files (x86)\Python37-32\Scripts\;C:\Program Files (x86)\Python37-32\;C:/Xilinx/Vivado/2019.2\tps\mingw\6.2.0\win64.o\nt\bin;C:/Xilinx/Vivado/2019.2\tps\mingw\6.2.0\win64.o\nt\libexec\gcc\x86_64-w64-mingw32\6.2.0;C:/Xilinx/Vivado/2019.2\tps\win64\python-2.7.5;C:/Xilinx/Vivado/2019.2\tps\win64\python-2.7.5\bin;C:/Xilinx/Vivado/2019.2\tps\win64\python-2.7.5\lib;C:/Xilinx/Vivado/2019.2\tps\win64\python-2.7.5\Lib\lib-tk;C:/Xilinx/Vivado/2019.2\tps\win64\python-2.7.5\lib\site-packages
USERNAME=8190920
OS=Windows_NT
PROCESSOR_IDENTIFIER=Intel64 Family 6 Model 158 Stepping 9, GenuineIntel



---------------  S Y S T E M  ---------------

OS: Windows 7 , 64 bit Build 7601 (6.1.7601.23539)

CPU:total 4 (initial active 4) (4 cores per cpu, 1 threads per core) family 6 model 158 stepping 9, cmov, cx8, fxsr, mmx, sse, sse2, sse3, ssse3, sse4.1, sse4.2, popcnt, avx, avx2, aes, clmul, erms, 3dnowpref, lzcnt, tsc, tscinvbit, bmi1, bmi2, adx, fma

Memory: 4k page, physical 16660992k(12273880k free), swap 33320124k(28692736k free)

vm_info: Java HotSpot(TM) 64-Bit Server VM (9.0.4+11) for windows-amd64 JRE (9.0.4+11), built on Dec 20 2017 02:18:54 by "mach5one" with MS VC++ 12.0 (VS2013)

END.
