#-----------------------------------------------------------
# Vivado v2019.2 (64-bit)
# SW Build 2708876 on Wed Nov  6 21:40:23 MST 2019
# IP Build 2700528 on Thu Nov  7 00:09:20 MST 2019
# Start of session at: Mon May 24 18:45:07 2021
# Process ID: 5072
# Current directory: D:/Desktop/labs/егор1/lab3_plis
# Command line: vivado.exe -gui_launcher_event rodinguilauncherevent840 D:\Desktop\labs\егор1\lab3_plis\project_2_plis.xpr
# Log file: D:/Desktop/labs/егор1/lab3_plis/vivado.log
# Journal file: D:/Desktop/labs/егор1/lab3_plis\vivado.jou
#-----------------------------------------------------------
start_gui
open_project D:/Desktop/labs/егор1/lab3_plis/project_2_plis.xpr
INFO: [Project 1-313] Project file moved from 'C:/Users/8190920/project_2_plis' since last save.
Scanning sources...
Finished scanning sources
INFO: [IP_Flow 19-234] Refreshing IP repositories
INFO: [IP_Flow 19-1704] No user IP repositories specified
INFO: [IP_Flow 19-2313] Loaded Vivado IP repository 'D:/Xilinx/Vivado/2019.2/data/ip'.
open_project: Time (s): cpu = 00:00:29 ; elapsed = 00:00:13 . Memory (MB): peak = 789.715 ; gain = 172.906
update_compile_order -fileset sources_1
